Loading concoct/1.1.0
  Unloading conflict: miniconda3/4.3.31
  Loading requirement: miniconda2/4.4.10

WARNING
===============================================
You are running an experimental workflow not every part of which may be fully
and thoroughly tested :) Please scrutinize your output carefully after analysis,
and keep us posted if you see things that surprise you.

Contigs DB ...................................: anvio/Amber/Amber.db
Profile DB ...................................: anvio/Amber/Amber_SAMPLES_MERGED/PROFILE.db
Binning module ...............................: CONCOCT
Cluster type .................................: contig
Working directory ............................: /tmp/tmp84542awp

CITATION
===============================================
Anvi'o is now passing all your data to the binning module 'CONCOCT'. If you
publish results from this workflow, please do not forget to reference the
following citation.

* Johannes Alneberg, Brynjar Smári Bjarnason, Ino de Bruijn, Melanie Schirmer,
Joshua Quick, Umer Z Ijaz, Leo Lahti, Nicholas J Loman, Anders F Andersson &
Christopher Quince. 2014. Binning metagenomic contigs by coverage and
composition. Nature Methods, doi: 10.1038/nmeth.3103

                                                                                [48;5;6m[38;5;0m[02 Sep 21 14:23:55 concoct] Running using 16 threads...                       [0m                                                                                
* concoct formed 39 clusters, which are being added to the database as a
collection named CONCOCT.

