Loading augustus/3.3.3
  Loading requirement: lp_solve/5.5 boost/1.68.0 bamtools/2.4.0
# conda environments:
#
                         /bigdata/stajichlab/cassande/software/db-vs2/conda_envs/d597dfe4
base                     /opt/linux/centos/7.x/x86_64/pkgs/miniconda3/4.3.31
AAFTF                    /opt/linux/centos/7.x/x86_64/pkgs/miniconda3/4.3.31/envs/AAFTF
BASTA                    /opt/linux/centos/7.x/x86_64/pkgs/miniconda3/4.3.31/envs/BASTA
DRAM-1.2.4               /opt/linux/centos/7.x/x86_64/pkgs/miniconda3/4.3.31/envs/DRAM-1.2.4
GAL                      /opt/linux/centos/7.x/x86_64/pkgs/miniconda3/4.3.31/envs/GAL
KEGGDecoder              /opt/linux/centos/7.x/x86_64/pkgs/miniconda3/4.3.31/envs/KEGGDecoder
SALSA                    /opt/linux/centos/7.x/x86_64/pkgs/miniconda3/4.3.31/envs/SALSA
alphafold-2.0            /opt/linux/centos/7.x/x86_64/pkgs/miniconda3/4.3.31/envs/alphafold-2.0
amptk-1.5.1              /opt/linux/centos/7.x/x86_64/pkgs/miniconda3/4.3.31/envs/amptk-1.5.1
antismash5_2             /opt/linux/centos/7.x/x86_64/pkgs/miniconda3/4.3.31/envs/antismash5_2
antismash6_0             /opt/linux/centos/7.x/x86_64/pkgs/miniconda3/4.3.31/envs/antismash6_0
arbitr                   /opt/linux/centos/7.x/x86_64/pkgs/miniconda3/4.3.31/envs/arbitr
arcs                     /opt/linux/centos/7.x/x86_64/pkgs/miniconda3/4.3.31/envs/arcs
autometa                 /opt/linux/centos/7.x/x86_64/pkgs/miniconda3/4.3.31/envs/autometa
bcbio                    /opt/linux/centos/7.x/x86_64/pkgs/miniconda3/4.3.31/envs/bcbio
blobtools                /opt/linux/centos/7.x/x86_64/pkgs/miniconda3/4.3.31/envs/blobtools
blobtools-2.5.0          /opt/linux/centos/7.x/x86_64/pkgs/miniconda3/4.3.31/envs/blobtools-2.5.0
busco-5.0.0              /opt/linux/centos/7.x/x86_64/pkgs/miniconda3/4.3.31/envs/busco-5.0.0
busco-5.1.2              /opt/linux/centos/7.x/x86_64/pkgs/miniconda3/4.3.31/envs/busco-5.1.2
cd-hit                   /opt/linux/centos/7.x/x86_64/pkgs/miniconda3/4.3.31/envs/cd-hit
circlator                /opt/linux/centos/7.x/x86_64/pkgs/miniconda3/4.3.31/envs/circlator
clinker                  /opt/linux/centos/7.x/x86_64/pkgs/miniconda3/4.3.31/envs/clinker
clipkit                  /opt/linux/centos/7.x/x86_64/pkgs/miniconda3/4.3.31/envs/clipkit
eggnog-mapper-2.1        /opt/linux/centos/7.x/x86_64/pkgs/miniconda3/4.3.31/envs/eggnog-mapper-2.1
ete3                     /opt/linux/centos/7.x/x86_64/pkgs/miniconda3/4.3.31/envs/ete3
eukdetect                /opt/linux/centos/7.x/x86_64/pkgs/miniconda3/4.3.31/envs/eukdetect
fastqsplitter            /opt/linux/centos/7.x/x86_64/pkgs/miniconda3/4.3.31/envs/fastqsplitter
faststructure            /opt/linux/centos/7.x/x86_64/pkgs/miniconda3/4.3.31/envs/faststructure
funannotate              /opt/linux/centos/7.x/x86_64/pkgs/miniconda3/4.3.31/envs/funannotate
funannotate-1.8          /opt/linux/centos/7.x/x86_64/pkgs/miniconda3/4.3.31/envs/funannotate-1.8
gcc_5                    /opt/linux/centos/7.x/x86_64/pkgs/miniconda3/4.3.31/envs/gcc_5
gtdbtk                   /opt/linux/centos/7.x/x86_64/pkgs/miniconda3/4.3.31/envs/gtdbtk
gtdbtk-1.5.0             /opt/linux/centos/7.x/x86_64/pkgs/miniconda3/4.3.31/envs/gtdbtk-1.5.0
gtotree                  /opt/linux/centos/7.x/x86_64/pkgs/miniconda3/4.3.31/envs/gtotree
gwcodeml                 /opt/linux/centos/7.x/x86_64/pkgs/miniconda3/4.3.31/envs/gwcodeml
jbrowse                  /opt/linux/centos/7.x/x86_64/pkgs/miniconda3/4.3.31/envs/jbrowse
jbrowse-1.16.9           /opt/linux/centos/7.x/x86_64/pkgs/miniconda3/4.3.31/envs/jbrowse-1.16.9
jbrowse2                 /opt/linux/centos/7.x/x86_64/pkgs/miniconda3/4.3.31/envs/jbrowse2
jupyter                  /opt/linux/centos/7.x/x86_64/pkgs/miniconda3/4.3.31/envs/jupyter
ltr_retriever            /opt/linux/centos/7.x/x86_64/pkgs/miniconda3/4.3.31/envs/ltr_retriever
maker-3.01.03            /opt/linux/centos/7.x/x86_64/pkgs/miniconda3/4.3.31/envs/maker-3.01.03
masurca                  /opt/linux/centos/7.x/x86_64/pkgs/miniconda3/4.3.31/envs/masurca
mcclintock               /opt/linux/centos/7.x/x86_64/pkgs/miniconda3/4.3.31/envs/mcclintock
medaka                   /opt/linux/centos/7.x/x86_64/pkgs/miniconda3/4.3.31/envs/medaka
medaka-gpu               /opt/linux/centos/7.x/x86_64/pkgs/miniconda3/4.3.31/envs/medaka-gpu
metasanity               /opt/linux/centos/7.x/x86_64/pkgs/miniconda3/4.3.31/envs/metasanity
methylpy                 /opt/linux/centos/7.x/x86_64/pkgs/miniconda3/4.3.31/envs/methylpy
mosdepth                 /opt/linux/centos/7.x/x86_64/pkgs/miniconda3/4.3.31/envs/mosdepth
nanofilt                 /opt/linux/centos/7.x/x86_64/pkgs/miniconda3/4.3.31/envs/nanofilt
nanopore                 /opt/linux/centos/7.x/x86_64/pkgs/miniconda3/4.3.31/envs/nanopore
nanoqc                   /opt/linux/centos/7.x/x86_64/pkgs/miniconda3/4.3.31/envs/nanoqc
ncbi_download            /opt/linux/centos/7.x/x86_64/pkgs/miniconda3/4.3.31/envs/ncbi_download
pangloss                 /opt/linux/centos/7.x/x86_64/pkgs/miniconda3/4.3.31/envs/pangloss
pangloss-py2             /opt/linux/centos/7.x/x86_64/pkgs/miniconda3/4.3.31/envs/pangloss-py2
parallel-fastq-dump      /opt/linux/centos/7.x/x86_64/pkgs/miniconda3/4.3.31/envs/parallel-fastq-dump
pb_arrow                 /opt/linux/centos/7.x/x86_64/pkgs/miniconda3/4.3.31/envs/pb_arrow
pbbioconda               /opt/linux/centos/7.x/x86_64/pkgs/miniconda3/4.3.31/envs/pbbioconda
perlmods                 /opt/linux/centos/7.x/x86_64/pkgs/miniconda3/4.3.31/envs/perlmods
phasegenomics            /opt/linux/centos/7.x/x86_64/pkgs/miniconda3/4.3.31/envs/phasegenomics
phykit                   /opt/linux/centos/7.x/x86_64/pkgs/miniconda3/4.3.31/envs/phykit
phyloflash               /opt/linux/centos/7.x/x86_64/pkgs/miniconda3/4.3.31/envs/phyloflash
pyvcf                    /opt/linux/centos/7.x/x86_64/pkgs/miniconda3/4.3.31/envs/pyvcf
qiime2-2017.12           /opt/linux/centos/7.x/x86_64/pkgs/miniconda3/4.3.31/envs/qiime2-2017.12
repet                    /opt/linux/centos/7.x/x86_64/pkgs/miniconda3/4.3.31/envs/repet
run_dbcan                /opt/linux/centos/7.x/x86_64/pkgs/miniconda3/4.3.31/envs/run_dbcan
savage                   /opt/linux/centos/7.x/x86_64/pkgs/miniconda3/4.3.31/envs/savage
shasta                   /opt/linux/centos/7.x/x86_64/pkgs/miniconda3/4.3.31/envs/shasta
shovill                  /opt/linux/centos/7.x/x86_64/pkgs/miniconda3/4.3.31/envs/shovill
smudgeplot               /opt/linux/centos/7.x/x86_64/pkgs/miniconda3/4.3.31/envs/smudgeplot
synapse                  /opt/linux/centos/7.x/x86_64/pkgs/miniconda3/4.3.31/envs/synapse
test                     /opt/linux/centos/7.x/x86_64/pkgs/miniconda3/4.3.31/envs/test
virMine                  /opt/linux/centos/7.x/x86_64/pkgs/miniconda3/4.3.31/envs/virMine
EDTA                     /rhome/cassande/bigdata/.conda/envs/EDTA
alphafold                /rhome/cassande/bigdata/.conda/envs/alphafold
anvio-7                  /rhome/cassande/bigdata/.conda/envs/anvio-7
btk_env                  /rhome/cassande/bigdata/.conda/envs/btk_env
busco5                *  /rhome/cassande/bigdata/.conda/envs/busco5
checkv                   /rhome/cassande/bigdata/.conda/envs/checkv
deepvirfinder            /rhome/cassande/bigdata/.conda/envs/deepvirfinder
gtdbtk-1.3.0             /rhome/cassande/bigdata/.conda/envs/gtdbtk-1.3.0
gtdbtk-1.5.0             /rhome/cassande/bigdata/.conda/envs/gtdbtk-1.5.0
pyseer                   /rhome/cassande/bigdata/.conda/envs/pyseer
tRNAscan                 /rhome/cassande/bigdata/.conda/envs/tRNAscan
vContact2                /rhome/cassande/bigdata/.conda/envs/vContact2
virsorter2               /rhome/cassande/bigdata/.conda/envs/virsorter2

INFO:	***** Start a BUSCO v5.0.0 analysis, current time: 09/08/2021 17:53:23 *****
INFO:	Configuring BUSCO with /bigdata/stajichlab/cassande/eisenlab/sg_colleo/funannotate/config.ini
INFO:	Mode is genome
INFO:	Input file is data/Coelomomyces_lativittatus_CIRM-AVA-1-Amber.scaffolds.filtered.fa
INFO:	Downloading information on latest versions of BUSCO data...
INFO:	Running BUSCO using lineage dataset eukaryota_odb10 (eukaryota, 2020-09-10)
INFO:	Running 1 job(s) on metaeuk, starting at 09/08/2021 17:53:24
INFO:	[metaeuk]	1 of 1 task(s) completed
INFO:	***** Run HMMER on gene sequences *****
INFO:	Running 255 job(s) on hmmsearch, starting at 09/08/2021 17:54:52
INFO:	[hmmsearch]	26 of 255 task(s) completed
INFO:	[hmmsearch]	51 of 255 task(s) completed
INFO:	[hmmsearch]	77 of 255 task(s) completed
INFO:	[hmmsearch]	102 of 255 task(s) completed
INFO:	[hmmsearch]	128 of 255 task(s) completed
INFO:	[hmmsearch]	153 of 255 task(s) completed
INFO:	[hmmsearch]	179 of 255 task(s) completed
INFO:	[hmmsearch]	204 of 255 task(s) completed
INFO:	[hmmsearch]	230 of 255 task(s) completed
INFO:	[hmmsearch]	255 of 255 task(s) completed
INFO:	Extracting missing and fragmented buscos from the file refseq_db.faa...
INFO:	Running 1 job(s) on metaeuk, starting at 09/08/2021 17:55:04
INFO:	[metaeuk]	1 of 1 task(s) completed
INFO:	***** Run HMMER on gene sequences *****
INFO:	Running 117 job(s) on hmmsearch, starting at 09/08/2021 17:58:50
INFO:	[hmmsearch]	12 of 117 task(s) completed
INFO:	[hmmsearch]	24 of 117 task(s) completed
INFO:	[hmmsearch]	36 of 117 task(s) completed
INFO:	[hmmsearch]	47 of 117 task(s) completed
INFO:	[hmmsearch]	59 of 117 task(s) completed
INFO:	[hmmsearch]	59 of 117 task(s) completed
INFO:	[hmmsearch]	71 of 117 task(s) completed
INFO:	[hmmsearch]	82 of 117 task(s) completed
INFO:	[hmmsearch]	94 of 117 task(s) completed
INFO:	[hmmsearch]	106 of 117 task(s) completed
INFO:	[hmmsearch]	117 of 117 task(s) completed
INFO:	Validating exons and removing overlapping matches
INFO:	Results:	C:60.4%[S:60.4%,D:0.0%],F:22.0%,M:17.6%,n:255	   

INFO:	

	--------------------------------------------------
	|Results from dataset eukaryota_odb10             |
	--------------------------------------------------
	|C:60.4%[S:60.4%,D:0.0%],F:22.0%,M:17.6%,n:255    |
	|154	Complete BUSCOs (C)                       |
	|154	Complete and single-copy BUSCOs (S)       |
	|0	Complete and duplicated BUSCOs (D)        |
	|56	Fragmented BUSCOs (F)                     |
	|45	Missing BUSCOs (M)                        |
	|255	Total BUSCO groups searched               |
	--------------------------------------------------
INFO:	BUSCO analysis done. Total running time: 333 seconds
INFO:	Results written in /bigdata/stajichlab/shared/projects/Chytrid/Coelomomyces/Chytrid_Coelomomyces_Assessment/busco_euk_Amber
INFO:	For assistance with interpreting the results, please consult the userguide: https://busco.ezlab.org/busco_userguide.html

INFO:	***** Start a BUSCO v5.0.0 analysis, current time: 09/08/2021 17:58:57 *****
INFO:	Configuring BUSCO with /bigdata/stajichlab/cassande/eisenlab/sg_colleo/funannotate/config.ini
INFO:	Mode is genome
INFO:	Input file is data/Coelomomyces_lativittatus_CIRM-AVA-1-Orange.scaffolds.filtered.fa
INFO:	Downloading information on latest versions of BUSCO data...
INFO:	Running BUSCO using lineage dataset eukaryota_odb10 (eukaryota, 2020-09-10)
INFO:	Running 1 job(s) on metaeuk, starting at 09/08/2021 17:58:58
INFO:	[metaeuk]	1 of 1 task(s) completed
INFO:	***** Run HMMER on gene sequences *****
INFO:	Running 255 job(s) on hmmsearch, starting at 09/08/2021 18:00:12
INFO:	[hmmsearch]	26 of 255 task(s) completed
INFO:	[hmmsearch]	51 of 255 task(s) completed
INFO:	[hmmsearch]	77 of 255 task(s) completed
INFO:	[hmmsearch]	102 of 255 task(s) completed
INFO:	[hmmsearch]	128 of 255 task(s) completed
INFO:	[hmmsearch]	153 of 255 task(s) completed
INFO:	[hmmsearch]	179 of 255 task(s) completed
INFO:	[hmmsearch]	204 of 255 task(s) completed
INFO:	[hmmsearch]	230 of 255 task(s) completed
INFO:	[hmmsearch]	255 of 255 task(s) completed
INFO:	Extracting missing and fragmented buscos from the file refseq_db.faa...
INFO:	Running 1 job(s) on metaeuk, starting at 09/08/2021 18:00:25
INFO:	[metaeuk]	1 of 1 task(s) completed
INFO:	***** Run HMMER on gene sequences *****
INFO:	Running 137 job(s) on hmmsearch, starting at 09/08/2021 18:04:03
INFO:	[hmmsearch]	14 of 137 task(s) completed
INFO:	[hmmsearch]	28 of 137 task(s) completed
INFO:	[hmmsearch]	42 of 137 task(s) completed
INFO:	[hmmsearch]	55 of 137 task(s) completed
INFO:	[hmmsearch]	69 of 137 task(s) completed
INFO:	[hmmsearch]	83 of 137 task(s) completed
INFO:	[hmmsearch]	96 of 137 task(s) completed
INFO:	[hmmsearch]	110 of 137 task(s) completed
INFO:	[hmmsearch]	124 of 137 task(s) completed
INFO:	[hmmsearch]	137 of 137 task(s) completed
INFO:	Validating exons and removing overlapping matches
INFO:	Results:	C:49.8%[S:49.8%,D:0.0%],F:23.5%,M:26.7%,n:255	   

INFO:	

	--------------------------------------------------
	|Results from dataset eukaryota_odb10             |
	--------------------------------------------------
	|C:49.8%[S:49.8%,D:0.0%],F:23.5%,M:26.7%,n:255    |
	|127	Complete BUSCOs (C)                       |
	|127	Complete and single-copy BUSCOs (S)       |
	|0	Complete and duplicated BUSCOs (D)        |
	|60	Fragmented BUSCOs (F)                     |
	|68	Missing BUSCOs (M)                        |
	|255	Total BUSCO groups searched               |
	--------------------------------------------------
INFO:	BUSCO analysis done. Total running time: 312 seconds
INFO:	Results written in /bigdata/stajichlab/shared/projects/Chytrid/Coelomomyces/Chytrid_Coelomomyces_Assessment/busco_euk_Orange
INFO:	For assistance with interpreting the results, please consult the userguide: https://busco.ezlab.org/busco_userguide.html

INFO:	***** Start a BUSCO v5.0.0 analysis, current time: 09/08/2021 18:04:10 *****
INFO:	Configuring BUSCO with /bigdata/stajichlab/cassande/eisenlab/sg_colleo/funannotate/config.ini
INFO:	Mode is genome
INFO:	Input file is data/Coelomomyces_lativittatus_CIRM-AVA-1-Meiospore.scaffolds.filtered.fa
INFO:	Downloading information on latest versions of BUSCO data...
INFO:	Running BUSCO using lineage dataset eukaryota_odb10 (eukaryota, 2020-09-10)
INFO:	Running 1 job(s) on metaeuk, starting at 09/08/2021 18:04:11
INFO:	[metaeuk]	1 of 1 task(s) completed
INFO:	***** Run HMMER on gene sequences *****
INFO:	Running 255 job(s) on hmmsearch, starting at 09/08/2021 18:05:34
INFO:	[hmmsearch]	26 of 255 task(s) completed
INFO:	[hmmsearch]	51 of 255 task(s) completed
INFO:	[hmmsearch]	77 of 255 task(s) completed
INFO:	[hmmsearch]	102 of 255 task(s) completed
INFO:	[hmmsearch]	128 of 255 task(s) completed
INFO:	[hmmsearch]	153 of 255 task(s) completed
INFO:	[hmmsearch]	179 of 255 task(s) completed
INFO:	[hmmsearch]	204 of 255 task(s) completed
INFO:	[hmmsearch]	230 of 255 task(s) completed
INFO:	[hmmsearch]	255 of 255 task(s) completed
INFO:	Extracting missing and fragmented buscos from the file refseq_db.faa...
INFO:	Running 1 job(s) on metaeuk, starting at 09/08/2021 18:05:46
INFO:	[metaeuk]	1 of 1 task(s) completed
INFO:	***** Run HMMER on gene sequences *****
INFO:	Running 119 job(s) on hmmsearch, starting at 09/08/2021 18:09:26
INFO:	[hmmsearch]	12 of 119 task(s) completed
INFO:	[hmmsearch]	24 of 119 task(s) completed
INFO:	[hmmsearch]	36 of 119 task(s) completed
INFO:	[hmmsearch]	48 of 119 task(s) completed
INFO:	[hmmsearch]	60 of 119 task(s) completed
INFO:	[hmmsearch]	72 of 119 task(s) completed
INFO:	[hmmsearch]	84 of 119 task(s) completed
INFO:	[hmmsearch]	96 of 119 task(s) completed
INFO:	[hmmsearch]	108 of 119 task(s) completed
INFO:	[hmmsearch]	119 of 119 task(s) completed
INFO:	Validating exons and removing overlapping matches
INFO:	Results:	C:58.8%[S:58.4%,D:0.4%],F:21.6%,M:19.6%,n:255	   

INFO:	

	--------------------------------------------------
	|Results from dataset eukaryota_odb10             |
	--------------------------------------------------
	|C:58.8%[S:58.4%,D:0.4%],F:21.6%,M:19.6%,n:255    |
	|150	Complete BUSCOs (C)                       |
	|149	Complete and single-copy BUSCOs (S)       |
	|1	Complete and duplicated BUSCOs (D)        |
	|55	Fragmented BUSCOs (F)                     |
	|50	Missing BUSCOs (M)                        |
	|255	Total BUSCO groups searched               |
	--------------------------------------------------
INFO:	BUSCO analysis done. Total running time: 322 seconds
INFO:	Results written in /bigdata/stajichlab/shared/projects/Chytrid/Coelomomyces/Chytrid_Coelomomyces_Assessment/busco_euk_Meiospore
INFO:	For assistance with interpreting the results, please consult the userguide: https://busco.ezlab.org/busco_userguide.html

