Loading augustus/3.3.3
  Loading requirement: lp_solve/5.5 boost/1.68.0 bamtools/2.4.0
# conda environments:
#
                         /bigdata/stajichlab/cassande/software/db-vs2/conda_envs/d597dfe4
base                     /opt/linux/centos/7.x/x86_64/pkgs/miniconda3/4.3.31
AAFTF                    /opt/linux/centos/7.x/x86_64/pkgs/miniconda3/4.3.31/envs/AAFTF
BASTA                    /opt/linux/centos/7.x/x86_64/pkgs/miniconda3/4.3.31/envs/BASTA
DRAM-1.2.4               /opt/linux/centos/7.x/x86_64/pkgs/miniconda3/4.3.31/envs/DRAM-1.2.4
GAL                      /opt/linux/centos/7.x/x86_64/pkgs/miniconda3/4.3.31/envs/GAL
KEGGDecoder              /opt/linux/centos/7.x/x86_64/pkgs/miniconda3/4.3.31/envs/KEGGDecoder
SALSA                    /opt/linux/centos/7.x/x86_64/pkgs/miniconda3/4.3.31/envs/SALSA
alphafold-2.0            /opt/linux/centos/7.x/x86_64/pkgs/miniconda3/4.3.31/envs/alphafold-2.0
amptk-1.5.1              /opt/linux/centos/7.x/x86_64/pkgs/miniconda3/4.3.31/envs/amptk-1.5.1
antismash5_2             /opt/linux/centos/7.x/x86_64/pkgs/miniconda3/4.3.31/envs/antismash5_2
antismash6_0             /opt/linux/centos/7.x/x86_64/pkgs/miniconda3/4.3.31/envs/antismash6_0
arbitr                   /opt/linux/centos/7.x/x86_64/pkgs/miniconda3/4.3.31/envs/arbitr
arcs                     /opt/linux/centos/7.x/x86_64/pkgs/miniconda3/4.3.31/envs/arcs
autometa                 /opt/linux/centos/7.x/x86_64/pkgs/miniconda3/4.3.31/envs/autometa
bcbio                    /opt/linux/centos/7.x/x86_64/pkgs/miniconda3/4.3.31/envs/bcbio
blobtools                /opt/linux/centos/7.x/x86_64/pkgs/miniconda3/4.3.31/envs/blobtools
blobtools-2.5.0          /opt/linux/centos/7.x/x86_64/pkgs/miniconda3/4.3.31/envs/blobtools-2.5.0
busco-5.0.0              /opt/linux/centos/7.x/x86_64/pkgs/miniconda3/4.3.31/envs/busco-5.0.0
busco-5.1.2              /opt/linux/centos/7.x/x86_64/pkgs/miniconda3/4.3.31/envs/busco-5.1.2
cd-hit                   /opt/linux/centos/7.x/x86_64/pkgs/miniconda3/4.3.31/envs/cd-hit
circlator                /opt/linux/centos/7.x/x86_64/pkgs/miniconda3/4.3.31/envs/circlator
clinker                  /opt/linux/centos/7.x/x86_64/pkgs/miniconda3/4.3.31/envs/clinker
clipkit                  /opt/linux/centos/7.x/x86_64/pkgs/miniconda3/4.3.31/envs/clipkit
eggnog-mapper-2.1        /opt/linux/centos/7.x/x86_64/pkgs/miniconda3/4.3.31/envs/eggnog-mapper-2.1
ete3                     /opt/linux/centos/7.x/x86_64/pkgs/miniconda3/4.3.31/envs/ete3
eukdetect                /opt/linux/centos/7.x/x86_64/pkgs/miniconda3/4.3.31/envs/eukdetect
fastqsplitter            /opt/linux/centos/7.x/x86_64/pkgs/miniconda3/4.3.31/envs/fastqsplitter
faststructure            /opt/linux/centos/7.x/x86_64/pkgs/miniconda3/4.3.31/envs/faststructure
funannotate              /opt/linux/centos/7.x/x86_64/pkgs/miniconda3/4.3.31/envs/funannotate
funannotate-1.8          /opt/linux/centos/7.x/x86_64/pkgs/miniconda3/4.3.31/envs/funannotate-1.8
gcc_5                    /opt/linux/centos/7.x/x86_64/pkgs/miniconda3/4.3.31/envs/gcc_5
gtdbtk                   /opt/linux/centos/7.x/x86_64/pkgs/miniconda3/4.3.31/envs/gtdbtk
gtdbtk-1.5.0             /opt/linux/centos/7.x/x86_64/pkgs/miniconda3/4.3.31/envs/gtdbtk-1.5.0
gtotree                  /opt/linux/centos/7.x/x86_64/pkgs/miniconda3/4.3.31/envs/gtotree
gwcodeml                 /opt/linux/centos/7.x/x86_64/pkgs/miniconda3/4.3.31/envs/gwcodeml
jbrowse                  /opt/linux/centos/7.x/x86_64/pkgs/miniconda3/4.3.31/envs/jbrowse
jbrowse-1.16.9           /opt/linux/centos/7.x/x86_64/pkgs/miniconda3/4.3.31/envs/jbrowse-1.16.9
jbrowse2                 /opt/linux/centos/7.x/x86_64/pkgs/miniconda3/4.3.31/envs/jbrowse2
jupyter                  /opt/linux/centos/7.x/x86_64/pkgs/miniconda3/4.3.31/envs/jupyter
ltr_retriever            /opt/linux/centos/7.x/x86_64/pkgs/miniconda3/4.3.31/envs/ltr_retriever
maker-3.01.03            /opt/linux/centos/7.x/x86_64/pkgs/miniconda3/4.3.31/envs/maker-3.01.03
masurca                  /opt/linux/centos/7.x/x86_64/pkgs/miniconda3/4.3.31/envs/masurca
mcclintock               /opt/linux/centos/7.x/x86_64/pkgs/miniconda3/4.3.31/envs/mcclintock
medaka                   /opt/linux/centos/7.x/x86_64/pkgs/miniconda3/4.3.31/envs/medaka
medaka-gpu               /opt/linux/centos/7.x/x86_64/pkgs/miniconda3/4.3.31/envs/medaka-gpu
metasanity               /opt/linux/centos/7.x/x86_64/pkgs/miniconda3/4.3.31/envs/metasanity
methylpy                 /opt/linux/centos/7.x/x86_64/pkgs/miniconda3/4.3.31/envs/methylpy
mosdepth                 /opt/linux/centos/7.x/x86_64/pkgs/miniconda3/4.3.31/envs/mosdepth
nanofilt                 /opt/linux/centos/7.x/x86_64/pkgs/miniconda3/4.3.31/envs/nanofilt
nanopore                 /opt/linux/centos/7.x/x86_64/pkgs/miniconda3/4.3.31/envs/nanopore
nanoqc                   /opt/linux/centos/7.x/x86_64/pkgs/miniconda3/4.3.31/envs/nanoqc
ncbi_download            /opt/linux/centos/7.x/x86_64/pkgs/miniconda3/4.3.31/envs/ncbi_download
pangloss                 /opt/linux/centos/7.x/x86_64/pkgs/miniconda3/4.3.31/envs/pangloss
pangloss-py2             /opt/linux/centos/7.x/x86_64/pkgs/miniconda3/4.3.31/envs/pangloss-py2
parallel-fastq-dump      /opt/linux/centos/7.x/x86_64/pkgs/miniconda3/4.3.31/envs/parallel-fastq-dump
pb_arrow                 /opt/linux/centos/7.x/x86_64/pkgs/miniconda3/4.3.31/envs/pb_arrow
pbbioconda               /opt/linux/centos/7.x/x86_64/pkgs/miniconda3/4.3.31/envs/pbbioconda
perlmods                 /opt/linux/centos/7.x/x86_64/pkgs/miniconda3/4.3.31/envs/perlmods
phasegenomics            /opt/linux/centos/7.x/x86_64/pkgs/miniconda3/4.3.31/envs/phasegenomics
phykit                   /opt/linux/centos/7.x/x86_64/pkgs/miniconda3/4.3.31/envs/phykit
phyloflash               /opt/linux/centos/7.x/x86_64/pkgs/miniconda3/4.3.31/envs/phyloflash
pyvcf                    /opt/linux/centos/7.x/x86_64/pkgs/miniconda3/4.3.31/envs/pyvcf
qiime2-2017.12           /opt/linux/centos/7.x/x86_64/pkgs/miniconda3/4.3.31/envs/qiime2-2017.12
repet                    /opt/linux/centos/7.x/x86_64/pkgs/miniconda3/4.3.31/envs/repet
run_dbcan                /opt/linux/centos/7.x/x86_64/pkgs/miniconda3/4.3.31/envs/run_dbcan
savage                   /opt/linux/centos/7.x/x86_64/pkgs/miniconda3/4.3.31/envs/savage
shasta                   /opt/linux/centos/7.x/x86_64/pkgs/miniconda3/4.3.31/envs/shasta
shovill                  /opt/linux/centos/7.x/x86_64/pkgs/miniconda3/4.3.31/envs/shovill
smudgeplot               /opt/linux/centos/7.x/x86_64/pkgs/miniconda3/4.3.31/envs/smudgeplot
synapse                  /opt/linux/centos/7.x/x86_64/pkgs/miniconda3/4.3.31/envs/synapse
test                     /opt/linux/centos/7.x/x86_64/pkgs/miniconda3/4.3.31/envs/test
virMine                  /opt/linux/centos/7.x/x86_64/pkgs/miniconda3/4.3.31/envs/virMine
EDTA                     /rhome/cassande/bigdata/.conda/envs/EDTA
alphafold                /rhome/cassande/bigdata/.conda/envs/alphafold
anvio-7                  /rhome/cassande/bigdata/.conda/envs/anvio-7
btk_env                  /rhome/cassande/bigdata/.conda/envs/btk_env
busco5                *  /rhome/cassande/bigdata/.conda/envs/busco5
checkv                   /rhome/cassande/bigdata/.conda/envs/checkv
deepvirfinder            /rhome/cassande/bigdata/.conda/envs/deepvirfinder
gtdbtk-1.3.0             /rhome/cassande/bigdata/.conda/envs/gtdbtk-1.3.0
gtdbtk-1.5.0             /rhome/cassande/bigdata/.conda/envs/gtdbtk-1.5.0
pyseer                   /rhome/cassande/bigdata/.conda/envs/pyseer
tRNAscan                 /rhome/cassande/bigdata/.conda/envs/tRNAscan
vContact2                /rhome/cassande/bigdata/.conda/envs/vContact2
virsorter2               /rhome/cassande/bigdata/.conda/envs/virsorter2

INFO:	***** Start a BUSCO v5.0.0 analysis, current time: 09/08/2021 17:53:04 *****
INFO:	Configuring BUSCO with /bigdata/stajichlab/cassande/eisenlab/sg_colleo/funannotate/config.ini
INFO:	Mode is genome
INFO:	Input file is data/Coelomomyces_lativittatus_CIRM-AVA-1-Amber.scaffolds.filtered.fa
INFO:	Downloading information on latest versions of BUSCO data...
WARNING:	The file or folder /bigdata/stajichlab/shared/projects/Chytrid/Coelomomyces/Chytrid_Coelomomyces_Assessment/busco_downloads/lineages/fungi_odb10 is not the last available version. To update all data files to the last version, add the parameter --update-data in your next run.
INFO:	Running BUSCO using lineage dataset fungi_odb10 (eukaryota, 2020-09-10)
INFO:	Running 1 job(s) on metaeuk, starting at 09/08/2021 17:53:06
INFO:	[metaeuk]	1 of 1 task(s) completed
INFO:	***** Run HMMER on gene sequences *****
INFO:	Running 758 job(s) on hmmsearch, starting at 09/08/2021 17:55:16
INFO:	[hmmsearch]	76 of 758 task(s) completed
INFO:	[hmmsearch]	152 of 758 task(s) completed
INFO:	[hmmsearch]	228 of 758 task(s) completed
INFO:	[hmmsearch]	304 of 758 task(s) completed
INFO:	[hmmsearch]	379 of 758 task(s) completed
INFO:	[hmmsearch]	455 of 758 task(s) completed
INFO:	[hmmsearch]	531 of 758 task(s) completed
INFO:	[hmmsearch]	607 of 758 task(s) completed
INFO:	[hmmsearch]	683 of 758 task(s) completed
INFO:	[hmmsearch]	758 of 758 task(s) completed
INFO:	Extracting missing and fragmented buscos from the file refseq_db.faa...
INFO:	Running 1 job(s) on metaeuk, starting at 09/08/2021 17:55:52
INFO:	[metaeuk]	1 of 1 task(s) completed
INFO:	***** Run HMMER on gene sequences *****
INFO:	Running 442 job(s) on hmmsearch, starting at 09/08/2021 18:02:33
INFO:	[hmmsearch]	45 of 442 task(s) completed
INFO:	[hmmsearch]	89 of 442 task(s) completed
INFO:	[hmmsearch]	133 of 442 task(s) completed
INFO:	[hmmsearch]	177 of 442 task(s) completed
INFO:	[hmmsearch]	222 of 442 task(s) completed
INFO:	[hmmsearch]	266 of 442 task(s) completed
INFO:	[hmmsearch]	310 of 442 task(s) completed
INFO:	[hmmsearch]	354 of 442 task(s) completed
INFO:	[hmmsearch]	398 of 442 task(s) completed
INFO:	[hmmsearch]	442 of 442 task(s) completed
INFO:	Validating exons and removing overlapping matches
INFO:	Results:	C:45.6%[S:45.3%,D:0.3%],F:13.9%,M:40.5%,n:758	   

INFO:	

	--------------------------------------------------
	|Results from dataset fungi_odb10                 |
	--------------------------------------------------
	|C:45.6%[S:45.3%,D:0.3%],F:13.9%,M:40.5%,n:758    |
	|345	Complete BUSCOs (C)                       |
	|343	Complete and single-copy BUSCOs (S)       |
	|2	Complete and duplicated BUSCOs (D)        |
	|105	Fragmented BUSCOs (F)                     |
	|308	Missing BUSCOs (M)                        |
	|758	Total BUSCO groups searched               |
	--------------------------------------------------
INFO:	BUSCO analysis done with WARNING(s). Total running time: 582 seconds

***** Summary of warnings: *****
WARNING:busco.BuscoDownloadManager	The file or folder /bigdata/stajichlab/shared/projects/Chytrid/Coelomomyces/Chytrid_Coelomomyces_Assessment/busco_downloads/lineages/fungi_odb10 is not the last available version. To update all data files to the last version, add the parameter --update-data in your next run.

INFO:	Results written in /bigdata/stajichlab/shared/projects/Chytrid/Coelomomyces/Chytrid_Coelomomyces_Assessment/busco_fungi_Amber
INFO:	For assistance with interpreting the results, please consult the userguide: https://busco.ezlab.org/busco_userguide.html

INFO:	***** Start a BUSCO v5.0.0 analysis, current time: 09/08/2021 18:02:48 *****
INFO:	Configuring BUSCO with /bigdata/stajichlab/cassande/eisenlab/sg_colleo/funannotate/config.ini
INFO:	Mode is genome
INFO:	Input file is data/Coelomomyces_lativittatus_CIRM-AVA-1-Orange.scaffolds.filtered.fa
INFO:	Downloading information on latest versions of BUSCO data...
WARNING:	The file or folder /bigdata/stajichlab/shared/projects/Chytrid/Coelomomyces/Chytrid_Coelomomyces_Assessment/busco_downloads/lineages/fungi_odb10 is not the last available version. To update all data files to the last version, add the parameter --update-data in your next run.
INFO:	Running BUSCO using lineage dataset fungi_odb10 (eukaryota, 2020-09-10)
INFO:	Running 1 job(s) on metaeuk, starting at 09/08/2021 18:02:49
INFO:	[metaeuk]	1 of 1 task(s) completed
INFO:	***** Run HMMER on gene sequences *****
INFO:	Running 758 job(s) on hmmsearch, starting at 09/08/2021 18:04:44
INFO:	[hmmsearch]	76 of 758 task(s) completed
INFO:	[hmmsearch]	152 of 758 task(s) completed
INFO:	[hmmsearch]	228 of 758 task(s) completed
INFO:	[hmmsearch]	304 of 758 task(s) completed
INFO:	[hmmsearch]	379 of 758 task(s) completed
INFO:	[hmmsearch]	455 of 758 task(s) completed
INFO:	[hmmsearch]	531 of 758 task(s) completed
INFO:	[hmmsearch]	607 of 758 task(s) completed
INFO:	[hmmsearch]	683 of 758 task(s) completed
INFO:	[hmmsearch]	758 of 758 task(s) completed
INFO:	Extracting missing and fragmented buscos from the file refseq_db.faa...
INFO:	Running 1 job(s) on metaeuk, starting at 09/08/2021 18:05:19
INFO:	[metaeuk]	1 of 1 task(s) completed
INFO:	***** Run HMMER on gene sequences *****
INFO:	Running 496 job(s) on hmmsearch, starting at 09/08/2021 18:10:49
INFO:	[hmmsearch]	50 of 496 task(s) completed
INFO:	[hmmsearch]	100 of 496 task(s) completed
INFO:	[hmmsearch]	149 of 496 task(s) completed
INFO:	[hmmsearch]	199 of 496 task(s) completed
INFO:	[hmmsearch]	249 of 496 task(s) completed
INFO:	[hmmsearch]	298 of 496 task(s) completed
INFO:	[hmmsearch]	348 of 496 task(s) completed
INFO:	[hmmsearch]	397 of 496 task(s) completed
INFO:	[hmmsearch]	447 of 496 task(s) completed
INFO:	[hmmsearch]	496 of 496 task(s) completed
INFO:	Validating exons and removing overlapping matches
INFO:	Results:	C:38.4%[S:38.4%,D:0.0%],F:16.8%,M:44.8%,n:758	   

INFO:	

	--------------------------------------------------
	|Results from dataset fungi_odb10                 |
	--------------------------------------------------
	|C:38.4%[S:38.4%,D:0.0%],F:16.8%,M:44.8%,n:758    |
	|291	Complete BUSCOs (C)                       |
	|291	Complete and single-copy BUSCOs (S)       |
	|0	Complete and duplicated BUSCOs (D)        |
	|127	Fragmented BUSCOs (F)                     |
	|340	Missing BUSCOs (M)                        |
	|758	Total BUSCO groups searched               |
	--------------------------------------------------
INFO:	BUSCO analysis done with WARNING(s). Total running time: 493 seconds

***** Summary of warnings: *****
WARNING:busco.BuscoDownloadManager	The file or folder /bigdata/stajichlab/shared/projects/Chytrid/Coelomomyces/Chytrid_Coelomomyces_Assessment/busco_downloads/lineages/fungi_odb10 is not the last available version. To update all data files to the last version, add the parameter --update-data in your next run.

INFO:	Results written in /bigdata/stajichlab/shared/projects/Chytrid/Coelomomyces/Chytrid_Coelomomyces_Assessment/busco_fungi_Orange
INFO:	For assistance with interpreting the results, please consult the userguide: https://busco.ezlab.org/busco_userguide.html

INFO:	***** Start a BUSCO v5.0.0 analysis, current time: 09/08/2021 18:11:03 *****
INFO:	Configuring BUSCO with /bigdata/stajichlab/cassande/eisenlab/sg_colleo/funannotate/config.ini
INFO:	Mode is genome
INFO:	Input file is data/Coelomomyces_lativittatus_CIRM-AVA-1-Meiospore.scaffolds.filtered.fa
INFO:	Downloading information on latest versions of BUSCO data...
WARNING:	The file or folder /bigdata/stajichlab/shared/projects/Chytrid/Coelomomyces/Chytrid_Coelomomyces_Assessment/busco_downloads/lineages/fungi_odb10 is not the last available version. To update all data files to the last version, add the parameter --update-data in your next run.
INFO:	Running BUSCO using lineage dataset fungi_odb10 (eukaryota, 2020-09-10)
INFO:	Running 1 job(s) on metaeuk, starting at 09/08/2021 18:11:04
INFO:	[metaeuk]	1 of 1 task(s) completed
INFO:	***** Run HMMER on gene sequences *****
INFO:	Running 758 job(s) on hmmsearch, starting at 09/08/2021 18:13:09
INFO:	[hmmsearch]	76 of 758 task(s) completed
INFO:	[hmmsearch]	152 of 758 task(s) completed
INFO:	[hmmsearch]	228 of 758 task(s) completed
INFO:	[hmmsearch]	304 of 758 task(s) completed
INFO:	[hmmsearch]	379 of 758 task(s) completed
INFO:	[hmmsearch]	455 of 758 task(s) completed
INFO:	[hmmsearch]	531 of 758 task(s) completed
INFO:	[hmmsearch]	607 of 758 task(s) completed
INFO:	[hmmsearch]	683 of 758 task(s) completed
INFO:	[hmmsearch]	758 of 758 task(s) completed
INFO:	Extracting missing and fragmented buscos from the file refseq_db.faa...
INFO:	Running 1 job(s) on metaeuk, starting at 09/08/2021 18:13:44
INFO:	[metaeuk]	1 of 1 task(s) completed
INFO:	***** Run HMMER on gene sequences *****
INFO:	Running 448 job(s) on hmmsearch, starting at 09/08/2021 18:19:44
INFO:	[hmmsearch]	45 of 448 task(s) completed
INFO:	[hmmsearch]	90 of 448 task(s) completed
INFO:	[hmmsearch]	135 of 448 task(s) completed
INFO:	[hmmsearch]	180 of 448 task(s) completed
INFO:	[hmmsearch]	224 of 448 task(s) completed
INFO:	[hmmsearch]	269 of 448 task(s) completed
INFO:	[hmmsearch]	314 of 448 task(s) completed
INFO:	[hmmsearch]	359 of 448 task(s) completed
INFO:	[hmmsearch]	404 of 448 task(s) completed
INFO:	[hmmsearch]	404 of 448 task(s) completed
INFO:	[hmmsearch]	448 of 448 task(s) completed
INFO:	Validating exons and removing overlapping matches
INFO:	Results:	C:45.3%[S:44.9%,D:0.4%],F:15.7%,M:39.0%,n:758	   

INFO:	

	--------------------------------------------------
	|Results from dataset fungi_odb10                 |
	--------------------------------------------------
	|C:45.3%[S:44.9%,D:0.4%],F:15.7%,M:39.0%,n:758    |
	|343	Complete BUSCOs (C)                       |
	|340	Complete and single-copy BUSCOs (S)       |
	|3	Complete and duplicated BUSCOs (D)        |
	|119	Fragmented BUSCOs (F)                     |
	|296	Missing BUSCOs (M)                        |
	|758	Total BUSCO groups searched               |
	--------------------------------------------------
INFO:	BUSCO analysis done with WARNING(s). Total running time: 534 seconds

***** Summary of warnings: *****
WARNING:busco.BuscoDownloadManager	The file or folder /bigdata/stajichlab/shared/projects/Chytrid/Coelomomyces/Chytrid_Coelomomyces_Assessment/busco_downloads/lineages/fungi_odb10 is not the last available version. To update all data files to the last version, add the parameter --update-data in your next run.

INFO:	Results written in /bigdata/stajichlab/shared/projects/Chytrid/Coelomomyces/Chytrid_Coelomomyces_Assessment/busco_fungi_Meiospore
INFO:	For assistance with interpreting the results, please consult the userguide: https://busco.ezlab.org/busco_userguide.html

