/rhome/cassande/bigdata/software/quast-5.1.0rc1/quast.py data/Coelomomyces_lativittatus_CIRM-AVA-1-Amber.scaffolds.fa data/Coelomomyces_lativittatus_CIRM-AVA-1-Orange.scaffolds.fa data/Coelomomyces_lativittatus_CIRM-AVA-1-Meiospore.scaffolds.fa --threads 12 --eukaryote --space-efficient

Version: 5.1.0rc1

System information:
  OS: Linux-3.10.0-1160.15.2.el7.x86_64-x86_64-with-glibc2.17 (linux_64)
  Python version: 3.9.4
  CPUs number: 64

Started: 2021-06-04 14:23:47

Logging to /bigdata/stajichlab/shared/projects/Chytrid/Coelomomyces/Chytrid_Coelomomyces_Assessment/quast_results/results_2021_06_04_14_23_47/quast.log

CWD: /bigdata/stajichlab/shared/projects/Chytrid/Coelomomyces/Chytrid_Coelomomyces_Assessment
Main parameters: 
  MODE: default, threads: 12, eukaryotic: true, min contig length: 500, min alignment length: 65, \
  min alignment IDY: 95.0, ambiguity: one, threshold for extensive misassembly size: 1000

WARNING: Can't draw plots: python-matplotlib is missing or corrupted.

Contigs:
  Pre-processing...
  1  data/Coelomomyces_lativittatus_CIRM-AVA-1-Amber.scaffolds.fa ==> Coelomomyces_lativittatus_CIRM_AVA_1_Amber.scaffolds
  2  data/Coelomomyces_lativittatus_CIRM-AVA-1-Orange.scaffolds.fa ==> Coelomomyces_lativittatus_CIRM_AVA_1_Orange.scaffolds
  3  data/Coelomomyces_lativittatus_CIRM-AVA-1-Meiospore.scaffolds.fa ==> Coelomomyces_lativittatus_CIRM_AVA_1_Meiospore.scaffolds

2021-06-04 14:23:52
Running Basic statistics processor...
  Contig files: 
    1  Coelomomyces_lativittatus_CIRM_AVA_1_Amber.scaffolds
    2  Coelomomyces_lativittatus_CIRM_AVA_1_Orange.scaffolds
    3  Coelomomyces_lativittatus_CIRM_AVA_1_Meiospore.scaffolds
  Calculating N50 and L50...
    1  Coelomomyces_lativittatus_CIRM_AVA_1_Amber.scaffolds, N50 = 7007, L50 = 1188, Total length = 31297980, GC % = 35.15, # N's per 100 kbp =  510.62
    2  Coelomomyces_lativittatus_CIRM_AVA_1_Orange.scaffolds, N50 = 5627, L50 = 1034, Total length = 19985198, GC % = 32.34, # N's per 100 kbp =  362.42
    3  Coelomomyces_lativittatus_CIRM_AVA_1_Meiospore.scaffolds, N50 = 6695, L50 = 990, Total length = 21922045, GC % = 32.33, # N's per 100 kbp =  101.61
Done.

NOTICE: Genes are not predicted by default. Use --gene-finding or --glimmer option to enable it.

2021-06-04 14:23:55
Creating large visual summaries...
This may take a while: press Ctrl-C to skip this step..
Done

2021-06-04 14:23:55
RESULTS:
  Text versions of total report are saved to /bigdata/stajichlab/shared/projects/Chytrid/Coelomomyces/Chytrid_Coelomomyces_Assessment/quast_results/results_2021_06_04_14_23_47/report.txt, report.tsv, and report.tex
  Text versions of transposed total report are saved to /bigdata/stajichlab/shared/projects/Chytrid/Coelomomyces/Chytrid_Coelomomyces_Assessment/quast_results/results_2021_06_04_14_23_47/transposed_report.txt, transposed_report.tsv, and transposed_report.tex
  HTML version (interactive tables and plots) is saved to /bigdata/stajichlab/shared/projects/Chytrid/Coelomomyces/Chytrid_Coelomomyces_Assessment/quast_results/results_2021_06_04_14_23_47/report.html
  Log is saved to /bigdata/stajichlab/shared/projects/Chytrid/Coelomomyces/Chytrid_Coelomomyces_Assessment/quast_results/results_2021_06_04_14_23_47/quast.log

Finished: 2021-06-04 14:23:55
Elapsed time: 0:00:08.060951
NOTICEs: 1; WARNINGs: 1; non-fatal ERRORs: 0

Thank you for using QUAST!
