Tmp /bigdata/stajichlab/shared/projects/Chytrid/Coelomomyces/Chytrid_Coelomomyces_Assessment/busco_fungi_Orange/run_fungi_odb10/metaeuk_output/tmp folder does not exist or is not a directory.
Create dir /bigdata/stajichlab/shared/projects/Chytrid/Coelomomyces/Chytrid_Coelomomyces_Assessment/busco_fungi_Orange/run_fungi_odb10/metaeuk_output/tmp
easy-predict --threads 12 data/Coelomomyces_lativittatus_CIRM-AVA-1-Orange.scaffolds.fa /bigdata/stajichlab/shared/projects/Chytrid/Coelomomyces/Chytrid_Coelomomyces_Assessment/busco_downloads/lineages/fungi_odb10/refseq_db.faa /bigdata/stajichlab/shared/projects/Chytrid/Coelomomyces/Chytrid_Coelomomyces_Assessment/busco_fungi_Orange/run_fungi_odb10/metaeuk_output/initial_results/Coelomomyces_lativittatus_CIRM-AVA-1-Orange.scaffolds.fa /bigdata/stajichlab/shared/projects/Chytrid/Coelomomyces/Chytrid_Coelomomyces_Assessment/busco_fungi_Orange/run_fungi_odb10/metaeuk_output/tmp --max-intron 60000 --max-seq-len 70000 --min-exon-aa 15 --max-overlap 15 --min-intron 5 --overlap 1 

MMseqs Version:                                             	4.a0f584d
Substitution matrix                                         	nucl:nucleotide.out,aa:blosum62.out
Add backtrace                                               	false
Alignment mode                                              	2
Allow wrapped scoring                                       	false
E-value threshold                                           	100
Seq. id. threshold                                          	0
Min alignment length                                        	0
Seq. id. mode                                               	0
Alternative alignments                                      	0
Coverage threshold                                          	0
Coverage mode                                               	0
Max sequence length                                         	70000
Compositional bias                                          	1
Max reject                                                  	2147483647
Max accept                                                  	2147483647
Include identical seq. id.                                  	false
Preload mode                                                	0
Pseudo count a                                              	1
Pseudo count b                                              	1.5
Score bias                                                  	0
Realign hits                                                	false
Realign score bias                                          	-0.2
Realign max seqs                                            	2147483647
Gap open cost                                               	nucl:5,aa:11
Gap extension cost                                          	nucl:2,aa:1
Zdrop                                                       	40
Threads                                                     	12
Compressed                                                  	0
Verbosity                                                   	3
Seed substitution matrix                                    	nucl:nucleotide.out,aa:VTML80.out
Sensitivity                                                 	4
k-mer length                                                	0
k-score                                                     	2147483647
Alphabet size                                               	nucl:5,aa:21
Max results per query                                       	300
Split database                                              	0
Split mode                                                  	2
Split memory limit                                          	0
Diagonal scoring                                            	true
Exact k-mer matching                                        	0
Mask residues                                               	1
Mask lower case residues                                    	0
Minimum diagonal score                                      	15
Spaced k-mers                                               	1
Spaced k-mer pattern                                        	
Local temporary path                                        	
Rescore mode                                                	0
Remove hits by seq. id. and coverage                        	false
Sort results                                                	0
Mask profile                                                	1
Profile E-value threshold                                   	0.001
Global sequence weighting                                   	false
Allow deletions                                             	false
Filter MSA                                                  	1
Maximum seq. id. threshold                                  	0.9
Minimum seq. id.                                            	0
Minimum score per column                                    	-20
Minimum coverage                                            	0
Select N most diverse seqs                                  	1000
Min codons in orf                                           	15
Max codons in length                                        	32734
Max orf gaps                                                	2147483647
Contig start mode                                           	2
Contig end mode                                             	2
Orf start mode                                              	1
Forward frames                                              	1,2,3
Reverse frames                                              	1,2,3
Translation table                                           	1
Translate orf                                               	0
Use all table starts                                        	false
Offset of numeric ids                                       	0
Create lookup                                               	0
Add orf stop                                                	false
Chain overlapping alignments                                	0
Merge query                                                 	1
Search type                                                 	0
Search iterations                                           	1
Start sensitivity                                           	4
Search steps                                                	1
Slice search mode                                           	false
Strand selection                                            	1
LCA search mode                                             	false
Disk space limit                                            	0
MPI runner                                                  	
Force restart with latest tmp                               	false
Remove temporary files                                      	false
maximal combined evalue of an optimal set                   	0.001
minimal length ratio between combined optimal set and target	0.5
Maximal intron length                                       	60000
Minimal intron length                                       	5
Minimal exon length aa                                      	15
Maximal overlap of exons                                    	15
Gap open penalty                                            	-1
Gap extend penalty                                          	-1
allow same-strand overlaps                                  	1
translate codons to AAs                                     	0
write target key instead of accession                       	0
Reverse AA Fragments                                        	0

createdb data/Coelomomyces_lativittatus_CIRM-AVA-1-Orange.scaffolds.fa /bigdata/stajichlab/shared/projects/Chytrid/Coelomomyces/Chytrid_Coelomomyces_Assessment/busco_fungi_Orange/run_fungi_odb10/metaeuk_output/tmp/2762301210757510015/contigs --dbtype 2 --compressed 0 -v 3 

Converting sequences
[
Time for merging to contigs_h: 0h 0m 0s 16ms
Time for merging to contigs: 0h 0m 0s 39ms
Database type: Nucleotide
Time for processing: 0h 0m 0s 177ms
createdb /bigdata/stajichlab/shared/projects/Chytrid/Coelomomyces/Chytrid_Coelomomyces_Assessment/busco_downloads/lineages/fungi_odb10/refseq_db.faa /bigdata/stajichlab/shared/projects/Chytrid/Coelomomyces/Chytrid_Coelomomyces_Assessment/busco_fungi_Orange/run_fungi_odb10/metaeuk_output/tmp/2762301210757510015/targets --dbtype 1 --compressed 0 -v 3 

Converting sequences
[=======================================
Time for merging to targets_h: 0h 0m 0s 78ms
Time for merging to targets: 0h 0m 0s 232ms
Database type: Aminoacid
Time for processing: 0h 0m 2s 437ms
Tmp /bigdata/stajichlab/shared/projects/Chytrid/Coelomomyces/Chytrid_Coelomomyces_Assessment/busco_fungi_Orange/run_fungi_odb10/metaeuk_output/tmp/2762301210757510015/tmp_predict folder does not exist or is not a directory.
Create dir /bigdata/stajichlab/shared/projects/Chytrid/Coelomomyces/Chytrid_Coelomomyces_Assessment/busco_fungi_Orange/run_fungi_odb10/metaeuk_output/tmp/2762301210757510015/tmp_predict
predictexons /bigdata/stajichlab/shared/projects/Chytrid/Coelomomyces/Chytrid_Coelomomyces_Assessment/busco_fungi_Orange/run_fungi_odb10/metaeuk_output/tmp/2762301210757510015/contigs /bigdata/stajichlab/shared/projects/Chytrid/Coelomomyces/Chytrid_Coelomomyces_Assessment/busco_fungi_Orange/run_fungi_odb10/metaeuk_output/tmp/2762301210757510015/targets /bigdata/stajichlab/shared/projects/Chytrid/Coelomomyces/Chytrid_Coelomomyces_Assessment/busco_fungi_Orange/run_fungi_odb10/metaeuk_output/tmp/2762301210757510015/MetaEuk_calls /bigdata/stajichlab/shared/projects/Chytrid/Coelomomyces/Chytrid_Coelomomyces_Assessment/busco_fungi_Orange/run_fungi_odb10/metaeuk_output/tmp/2762301210757510015/tmp_predict --sub-mat nucl:nucleotide.out,aa:blosum62.out -a 0 --alignment-mode 2 --wrapped-scoring 0 -e 100 --min-seq-id 0 --min-aln-len 0 --seq-id-mode 0 --alt-ali 0 -c 0 --cov-mode 0 --max-seq-len 70000 --comp-bias-corr 1 --max-rejected 2147483647 --max-accept 2147483647 --add-self-matches 0 --db-load-mode 0 --pca 1 --pcb 1.5 --score-bias 0 --realign 0 --realign-score-bias -0.2 --realign-max-seqs 2147483647 --gap-open nucl:5,aa:11 --gap-extend nucl:2,aa:1 --zdrop 40 --threads 12 --compressed 0 -v 3 --seed-sub-mat nucl:nucleotide.out,aa:VTML80.out -s 4 -k 0 --k-score 2147483647 --alph-size nucl:5,aa:21 --max-seqs 300 --split 0 --split-mode 2 --split-memory-limit 0 --diag-score 1 --exact-kmer-matching 0 --mask 1 --mask-lower-case 0 --min-ungapped-score 15 --spaced-kmer-mode 1 --rescore-mode 0 --filter-hits 0 --sort-results 0 --mask-profile 1 --e-profile 0.001 --wg 0 --allow-deletion 0 --filter-msa 1 --max-seq-id 0.9 --qid 0 --qsc -20 --cov 0 --diff 1000 --min-length 15 --max-length 32734 --max-gaps 2147483647 --contig-start-mode 2 --contig-end-mode 2 --orf-start-mode 1 --forward-frames 1,2,3 --reverse-frames 1,2,3 --translation-table 1 --translate 0 --use-all-table-starts 0 --id-offset 0 --create-lookup 0 --add-orf-stop 0 --chain-alignments 0 --merge-query 1 --search-type 0 --num-iterations 1 --start-sens 4 --sens-steps 1 --slice-search 0 --strand 1 --orf-filter 0 --orf-filter-e 100 --orf-filter-s 2 --lca-search 0 --disk-space-limit 0 --force-reuse 0 --remove-tmp-files 0 --metaeuk-eval 0.001 --metaeuk-tcov 0.5 --max-intron 60000 --min-intron 5 --min-exon-aa 15 --max-overlap 15 --set-gap-open -1 --set-gap-extend -1 --reverse-fragments 0 

extractorfs /bigdata/stajichlab/shared/projects/Chytrid/Coelomomyces/Chytrid_Coelomomyces_Assessment/busco_fungi_Orange/run_fungi_odb10/metaeuk_output/tmp/2762301210757510015/contigs /bigdata/stajichlab/shared/projects/Chytrid/Coelomomyces/Chytrid_Coelomomyces_Assessment/busco_fungi_Orange/run_fungi_odb10/metaeuk_output/tmp/2762301210757510015/tmp_predict/16946437466520809382/nucl_6f --min-length 15 --max-length 32734 --max-gaps 2147483647 --contig-start-mode 2 --contig-end-mode 2 --orf-start-mode 1 --forward-frames 1,2,3 --reverse-frames 1,2,3 --translation-table 1 --translate 0 --use-all-table-starts 0 --id-offset 0 --create-lookup 0 --threads 12 --compressed 0 -v 3 

[=================================================================] 5.44K 0s 257ms
Time for merging to nucl_6f_h: 0h 0m 0s 238ms
Time for merging to nucl_6f: 0h 0m 0s 322ms
Time for processing: 0h 0m 1s 106ms
translatenucs /bigdata/stajichlab/shared/projects/Chytrid/Coelomomyces/Chytrid_Coelomomyces_Assessment/busco_fungi_Orange/run_fungi_odb10/metaeuk_output/tmp/2762301210757510015/tmp_predict/16946437466520809382/nucl_6f /bigdata/stajichlab/shared/projects/Chytrid/Coelomomyces/Chytrid_Coelomomyces_Assessment/busco_fungi_Orange/run_fungi_odb10/metaeuk_output/tmp/2762301210757510015/tmp_predict/16946437466520809382/aa_6f --translation-table 1 --add-orf-stop 0 -v 3 --compressed 0 --threads 12 

[=================================================================] 858.25K 1s 787ms
Time for merging to aa_6f: 0h 0m 0s 313ms
Time for processing: 0h 0m 2s 242ms
Tmp /bigdata/stajichlab/shared/projects/Chytrid/Coelomomyces/Chytrid_Coelomomyces_Assessment/busco_fungi_Orange/run_fungi_odb10/metaeuk_output/tmp/2762301210757510015/tmp_predict/16946437466520809382/tmp_search folder does not exist or is not a directory.
Create dir /bigdata/stajichlab/shared/projects/Chytrid/Coelomomyces/Chytrid_Coelomomyces_Assessment/busco_fungi_Orange/run_fungi_odb10/metaeuk_output/tmp/2762301210757510015/tmp_predict/16946437466520809382/tmp_search
search /bigdata/stajichlab/shared/projects/Chytrid/Coelomomyces/Chytrid_Coelomomyces_Assessment/busco_fungi_Orange/run_fungi_odb10/metaeuk_output/tmp/2762301210757510015/tmp_predict/16946437466520809382/aa_6f /bigdata/stajichlab/shared/projects/Chytrid/Coelomomyces/Chytrid_Coelomomyces_Assessment/busco_fungi_Orange/run_fungi_odb10/metaeuk_output/tmp/2762301210757510015/targets /bigdata/stajichlab/shared/projects/Chytrid/Coelomomyces/Chytrid_Coelomomyces_Assessment/busco_fungi_Orange/run_fungi_odb10/metaeuk_output/tmp/2762301210757510015/tmp_predict/16946437466520809382/search_res /bigdata/stajichlab/shared/projects/Chytrid/Coelomomyces/Chytrid_Coelomomyces_Assessment/busco_fungi_Orange/run_fungi_odb10/metaeuk_output/tmp/2762301210757510015/tmp_predict/16946437466520809382/tmp_search --sub-mat nucl:nucleotide.out,aa:blosum62.out -a 0 --alignment-mode 2 --wrapped-scoring 0 -e 100 --min-seq-id 0 --min-aln-len 15 --seq-id-mode 0 --alt-ali 0 -c 0 --cov-mode 0 --max-seq-len 70000 --comp-bias-corr 1 --max-rejected 2147483647 --max-accept 2147483647 --add-self-matches 0 --db-load-mode 0 --pca 1 --pcb 1.5 --score-bias 0 --realign 0 --realign-score-bias -0.2 --realign-max-seqs 2147483647 --gap-open nucl:5,aa:11 --gap-extend nucl:2,aa:1 --zdrop 40 --threads 12 --compressed 0 -v 3 --seed-sub-mat nucl:nucleotide.out,aa:VTML80.out -s 4 -k 0 --k-score 2147483647 --alph-size nucl:5,aa:21 --max-seqs 300 --split 0 --split-mode 2 --split-memory-limit 0 --diag-score 1 --exact-kmer-matching 0 --mask 1 --mask-lower-case 0 --min-ungapped-score 15 --spaced-kmer-mode 1 --rescore-mode 0 --filter-hits 0 --sort-results 0 --mask-profile 1 --e-profile 0.001 --wg 0 --allow-deletion 0 --filter-msa 1 --max-seq-id 0.9 --qid 0 --qsc -20 --cov 0 --diff 1000 --min-length 15 --max-length 32734 --max-gaps 2147483647 --contig-start-mode 2 --contig-end-mode 2 --orf-start-mode 1 --forward-frames 1,2,3 --reverse-frames 1,2,3 --translation-table 1 --translate 0 --use-all-table-starts 0 --id-offset 0 --create-lookup 0 --add-orf-stop 0 --chain-alignments 0 --merge-query 1 --search-type 0 --num-iterations 1 --start-sens 4 --sens-steps 1 --slice-search 0 --strand 1 --orf-filter 0 --orf-filter-e 100 --orf-filter-s 2 --lca-search 0 --disk-space-limit 0 --force-reuse 0 --remove-tmp-files 0 

prefilter /bigdata/stajichlab/shared/projects/Chytrid/Coelomomyces/Chytrid_Coelomomyces_Assessment/busco_fungi_Orange/run_fungi_odb10/metaeuk_output/tmp/2762301210757510015/tmp_predict/16946437466520809382/aa_6f /bigdata/stajichlab/shared/projects/Chytrid/Coelomomyces/Chytrid_Coelomomyces_Assessment/busco_fungi_Orange/run_fungi_odb10/metaeuk_output/tmp/2762301210757510015/targets /bigdata/stajichlab/shared/projects/Chytrid/Coelomomyces/Chytrid_Coelomomyces_Assessment/busco_fungi_Orange/run_fungi_odb10/metaeuk_output/tmp/2762301210757510015/tmp_predict/16946437466520809382/tmp_search/12789547212953111905/pref_0 --sub-mat nucl:nucleotide.out,aa:blosum62.out --seed-sub-mat nucl:nucleotide.out,aa:VTML80.out -k 0 --k-score 2147483647 --alph-size nucl:5,aa:21 --max-seq-len 70000 --max-seqs 300 --split 0 --split-mode 2 --split-memory-limit 0 -c 0 --cov-mode 0 --comp-bias-corr 1 --diag-score 1 --exact-kmer-matching 0 --mask 1 --mask-lower-case 0 --min-ungapped-score 15 --add-self-matches 0 --spaced-kmer-mode 1 --db-load-mode 0 --pca 1 --pcb 1.5 --threads 12 --compressed 0 -v 3 -s 4.0 

Query database size: 858246 type: Aminoacid
Estimated memory consumption: 2G
Target database size: 395986 type: Aminoacid
Index table k-mer threshold: 127 at k-mer size 6 
Index table: counting k-mers
[=================================================================] 395.99K 11s 449ms
Index table: Masked residues: 3196682
Index table: fill
[=================================================================] 395.99K 6s 763ms
Index statistics
Entries:          226435397
DB size:          1783 MB
Avg k-mer size:   3.538053
Top 10 k-mers
    LLGPGK	2748
    PGGTAR	1707
    YGPTTL	1599
    ASDTLW	1561
    GSDTLW	1404
    ALRGDR	1245
    LDALGR	1217
    DVGAGS	1117
    GLNGCY	1044
    DVAGIP	901
Time for index table init: 0h 0m 19s 98ms
Process prefiltering step 1 of 1

k-mer similarity threshold: 127
Starting prefiltering scores calculation (step 1 of 1)
Query db start 1 to 858246
Target db start 1 to 395986
[=================================================================] 858.25K 21s 674ms

38.481941 k-mers per position
2960 DB matches per sequence
0 overflows
0 queries produce too many hits (truncated result)
14 sequences passed prefiltering per query sequence
5 median result list length
183628 sequences with 0 size result lists
Time for merging to pref_0: 0h 0m 0s 387ms
Time for processing: 0h 0m 42s 205ms
align /bigdata/stajichlab/shared/projects/Chytrid/Coelomomyces/Chytrid_Coelomomyces_Assessment/busco_fungi_Orange/run_fungi_odb10/metaeuk_output/tmp/2762301210757510015/tmp_predict/16946437466520809382/aa_6f /bigdata/stajichlab/shared/projects/Chytrid/Coelomomyces/Chytrid_Coelomomyces_Assessment/busco_fungi_Orange/run_fungi_odb10/metaeuk_output/tmp/2762301210757510015/targets /bigdata/stajichlab/shared/projects/Chytrid/Coelomomyces/Chytrid_Coelomomyces_Assessment/busco_fungi_Orange/run_fungi_odb10/metaeuk_output/tmp/2762301210757510015/tmp_predict/16946437466520809382/tmp_search/12789547212953111905/pref_0 /bigdata/stajichlab/shared/projects/Chytrid/Coelomomyces/Chytrid_Coelomomyces_Assessment/busco_fungi_Orange/run_fungi_odb10/metaeuk_output/tmp/2762301210757510015/tmp_predict/16946437466520809382/search_res --sub-mat nucl:nucleotide.out,aa:blosum62.out -a 0 --alignment-mode 2 --wrapped-scoring 0 -e 100 --min-seq-id 0 --min-aln-len 15 --seq-id-mode 0 --alt-ali 0 -c 0 --cov-mode 0 --max-seq-len 70000 --comp-bias-corr 1 --max-rejected 2147483647 --max-accept 2147483647 --add-self-matches 0 --db-load-mode 0 --pca 1 --pcb 1.5 --score-bias 0 --realign 0 --realign-score-bias -0.2 --realign-max-seqs 2147483647 --gap-open nucl:5,aa:11 --gap-extend nucl:2,aa:1 --zdrop 40 --threads 12 --compressed 0 -v 3 

Compute score and coverage
Query database size: 858246 type: Aminoacid
Target database size: 395986 type: Aminoacid
Calculation of alignments
[=================================================================] 858.25K 58s 475ms
Time for merging to search_res: 0h 0m 0s 352ms
12564138 alignments calculated
792873 sequence pairs passed the thresholds (0.063106 of overall calculated)
0.923830 hits per query sequence
Time for processing: 0h 0m 59s 197ms
resultspercontig /bigdata/stajichlab/shared/projects/Chytrid/Coelomomyces/Chytrid_Coelomomyces_Assessment/busco_fungi_Orange/run_fungi_odb10/metaeuk_output/tmp/2762301210757510015/contigs /bigdata/stajichlab/shared/projects/Chytrid/Coelomomyces/Chytrid_Coelomomyces_Assessment/busco_fungi_Orange/run_fungi_odb10/metaeuk_output/tmp/2762301210757510015/tmp_predict/16946437466520809382/nucl_6f /bigdata/stajichlab/shared/projects/Chytrid/Coelomomyces/Chytrid_Coelomomyces_Assessment/busco_fungi_Orange/run_fungi_odb10/metaeuk_output/tmp/2762301210757510015/tmp_predict/16946437466520809382/search_res /bigdata/stajichlab/shared/projects/Chytrid/Coelomomyces/Chytrid_Coelomomyces_Assessment/busco_fungi_Orange/run_fungi_odb10/metaeuk_output/tmp/2762301210757510015/tmp_predict/16946437466520809382/search_res_by_contig --threads 12 --compressed 0 -v 3 

Computing ORF lookup
Computing contig offsets
Computing contig lookup
Time for contig lookup: 0h 0m 0s 294ms
[=================================================================] 5.44K 0s 248ms
Time for merging to search_res_by_contig: 0h 0m 0s 5ms
Time for processing: 0h 0m 0s 854ms
collectoptimalset /bigdata/stajichlab/shared/projects/Chytrid/Coelomomyces/Chytrid_Coelomomyces_Assessment/busco_fungi_Orange/run_fungi_odb10/metaeuk_output/tmp/2762301210757510015/tmp_predict/16946437466520809382/search_res_by_contig /bigdata/stajichlab/shared/projects/Chytrid/Coelomomyces/Chytrid_Coelomomyces_Assessment/busco_fungi_Orange/run_fungi_odb10/metaeuk_output/tmp/2762301210757510015/targets /bigdata/stajichlab/shared/projects/Chytrid/Coelomomyces/Chytrid_Coelomomyces_Assessment/busco_fungi_Orange/run_fungi_odb10/metaeuk_output/tmp/2762301210757510015/tmp_predict/16946437466520809382/dp_predictions --metaeuk-eval 0.001 --metaeuk-tcov 0.5 --max-intron 60000 --min-intron 5 --min-exon-aa 15 --max-overlap 15 --set-gap-open -1 --set-gap-extend -1 --score-bias 0 --threads 12 --compressed 0 -v 3 

[=================================================================] 5.44K 0s 172ms
Time for merging to dp_predictions: 0h 0m 0s 5ms
Time for processing: 0h 0m 0s 241ms
mvdb /bigdata/stajichlab/shared/projects/Chytrid/Coelomomyces/Chytrid_Coelomomyces_Assessment/busco_fungi_Orange/run_fungi_odb10/metaeuk_output/tmp/2762301210757510015/tmp_predict/16946437466520809382/dp_predictions /bigdata/stajichlab/shared/projects/Chytrid/Coelomomyces/Chytrid_Coelomomyces_Assessment/busco_fungi_Orange/run_fungi_odb10/metaeuk_output/tmp/2762301210757510015/MetaEuk_calls 

Time for processing: 0h 0m 0s 2ms
reduceredundancy /bigdata/stajichlab/shared/projects/Chytrid/Coelomomyces/Chytrid_Coelomomyces_Assessment/busco_fungi_Orange/run_fungi_odb10/metaeuk_output/tmp/2762301210757510015/MetaEuk_calls /bigdata/stajichlab/shared/projects/Chytrid/Coelomomyces/Chytrid_Coelomomyces_Assessment/busco_fungi_Orange/run_fungi_odb10/metaeuk_output/tmp/2762301210757510015/MetaEuk_preds /bigdata/stajichlab/shared/projects/Chytrid/Coelomomyces/Chytrid_Coelomomyces_Assessment/busco_fungi_Orange/run_fungi_odb10/metaeuk_output/tmp/2762301210757510015/MetaEuk_preds_clust --overlap 1 --threads 12 --compressed 0 -v 3 

[=================================================================] 5.44K 0s 43ms
Time for merging to MetaEuk_preds_clust: 0h 0m 0s 7ms
Time for merging to MetaEuk_preds: 0h 0m 0s 7ms
Time for processing: 0h 0m 0s 94ms
unitesetstofasta /bigdata/stajichlab/shared/projects/Chytrid/Coelomomyces/Chytrid_Coelomomyces_Assessment/busco_fungi_Orange/run_fungi_odb10/metaeuk_output/tmp/2762301210757510015/contigs /bigdata/stajichlab/shared/projects/Chytrid/Coelomomyces/Chytrid_Coelomomyces_Assessment/busco_fungi_Orange/run_fungi_odb10/metaeuk_output/tmp/2762301210757510015/targets /bigdata/stajichlab/shared/projects/Chytrid/Coelomomyces/Chytrid_Coelomomyces_Assessment/busco_fungi_Orange/run_fungi_odb10/metaeuk_output/tmp/2762301210757510015/MetaEuk_preds /bigdata/stajichlab/shared/projects/Chytrid/Coelomomyces/Chytrid_Coelomomyces_Assessment/busco_fungi_Orange/run_fungi_odb10/metaeuk_output/initial_results/Coelomomyces_lativittatus_CIRM-AVA-1-Orange.scaffolds.fa --protein 0 --translation-table 1 --target-key 0 --threads 12 --compressed 0 -v 3 

[=================================================================] 5.44K 0s 7ms
Time for merging to Coelomomyces_lativittatus_CIRM-AVA-1-Orange.scaffolds.fa.fas: 0h 0m 0s 3ms
Time for merging to Coelomomyces_lativittatus_CIRM-AVA-1-Orange.scaffolds.fa.codon.fas: 0h 0m 0s 6ms
Time for merging to Coelomomyces_lativittatus_CIRM-AVA-1-Orange.scaffolds.fa.headersMap.tsv: 0h 0m 0s 3ms
Time for processing: 0h 0m 0s 94ms
easy-predict --threads 12 data/Coelomomyces_lativittatus_CIRM-AVA-1-Orange.scaffolds.fa /bigdata/stajichlab/shared/projects/Chytrid/Coelomomyces/Chytrid_Coelomomyces_Assessment/busco_fungi_Orange/run_fungi_odb10/metaeuk_output/refseq_db_rerun.faa /bigdata/stajichlab/shared/projects/Chytrid/Coelomomyces/Chytrid_Coelomomyces_Assessment/busco_fungi_Orange/run_fungi_odb10/metaeuk_output/rerun_results/Coelomomyces_lativittatus_CIRM-AVA-1-Orange.scaffolds.fa /bigdata/stajichlab/shared/projects/Chytrid/Coelomomyces/Chytrid_Coelomomyces_Assessment/busco_fungi_Orange/run_fungi_odb10/metaeuk_output/tmp --max-intron 60000 --max-seq-len 70000 --min-exon-aa 5 --max-overlap 5 --min-intron 1 --overlap 1 -s 6 

MMseqs Version:                                             	4.a0f584d
Substitution matrix                                         	nucl:nucleotide.out,aa:blosum62.out
Add backtrace                                               	false
Alignment mode                                              	2
Allow wrapped scoring                                       	false
E-value threshold                                           	100
Seq. id. threshold                                          	0
Min alignment length                                        	0
Seq. id. mode                                               	0
Alternative alignments                                      	0
Coverage threshold                                          	0
Coverage mode                                               	0
Max sequence length                                         	70000
Compositional bias                                          	1
Max reject                                                  	2147483647
Max accept                                                  	2147483647
Include identical seq. id.                                  	false
Preload mode                                                	0
Pseudo count a                                              	1
Pseudo count b                                              	1.5
Score bias                                                  	0
Realign hits                                                	false
Realign score bias                                          	-0.2
Realign max seqs                                            	2147483647
Gap open cost                                               	nucl:5,aa:11
Gap extension cost                                          	nucl:2,aa:1
Zdrop                                                       	40
Threads                                                     	12
Compressed                                                  	0
Verbosity                                                   	3
Seed substitution matrix                                    	nucl:nucleotide.out,aa:VTML80.out
Sensitivity                                                 	6
k-mer length                                                	0
k-score                                                     	2147483647
Alphabet size                                               	nucl:5,aa:21
Max results per query                                       	300
Split database                                              	0
Split mode                                                  	2
Split memory limit                                          	0
Diagonal scoring                                            	true
Exact k-mer matching                                        	0
Mask residues                                               	1
Mask lower case residues                                    	0
Minimum diagonal score                                      	15
Spaced k-mers                                               	1
Spaced k-mer pattern                                        	
Local temporary path                                        	
Rescore mode                                                	0
Remove hits by seq. id. and coverage                        	false
Sort results                                                	0
Mask profile                                                	1
Profile E-value threshold                                   	0.001
Global sequence weighting                                   	false
Allow deletions                                             	false
Filter MSA                                                  	1
Maximum seq. id. threshold                                  	0.9
Minimum seq. id.                                            	0
Minimum score per column                                    	-20
Minimum coverage                                            	0
Select N most diverse seqs                                  	1000
Min codons in orf                                           	15
Max codons in length                                        	32734
Max orf gaps                                                	2147483647
Contig start mode                                           	2
Contig end mode                                             	2
Orf start mode                                              	1
Forward frames                                              	1,2,3
Reverse frames                                              	1,2,3
Translation table                                           	1
Translate orf                                               	0
Use all table starts                                        	false
Offset of numeric ids                                       	0
Create lookup                                               	0
Add orf stop                                                	false
Chain overlapping alignments                                	0
Merge query                                                 	1
Search type                                                 	0
Search iterations                                           	1
Start sensitivity                                           	4
Search steps                                                	1
Slice search mode                                           	false
Strand selection                                            	1
LCA search mode                                             	false
Disk space limit                                            	0
MPI runner                                                  	
Force restart with latest tmp                               	false
Remove temporary files                                      	false
maximal combined evalue of an optimal set                   	0.001
minimal length ratio between combined optimal set and target	0.5
Maximal intron length                                       	60000
Minimal intron length                                       	1
Minimal exon length aa                                      	5
Maximal overlap of exons                                    	5
Gap open penalty                                            	-1
Gap extend penalty                                          	-1
allow same-strand overlaps                                  	1
translate codons to AAs                                     	0
write target key instead of accession                       	0
Reverse AA Fragments                                        	0

createdb data/Coelomomyces_lativittatus_CIRM-AVA-1-Orange.scaffolds.fa /bigdata/stajichlab/shared/projects/Chytrid/Coelomomyces/Chytrid_Coelomomyces_Assessment/busco_fungi_Orange/run_fungi_odb10/metaeuk_output/tmp/12639789576549348724/contigs --dbtype 2 --compressed 0 -v 3 

Converting sequences
[
Time for merging to contigs_h: 0h 0m 0s 47ms
Time for merging to contigs: 0h 0m 0s 74ms
Database type: Nucleotide
Time for processing: 0h 0m 0s 354ms
createdb /bigdata/stajichlab/shared/projects/Chytrid/Coelomomyces/Chytrid_Coelomomyces_Assessment/busco_fungi_Orange/run_fungi_odb10/metaeuk_output/refseq_db_rerun.faa /bigdata/stajichlab/shared/projects/Chytrid/Coelomomyces/Chytrid_Coelomomyces_Assessment/busco_fungi_Orange/run_fungi_odb10/metaeuk_output/tmp/12639789576549348724/targets --dbtype 1 --compressed 0 -v 3 

Converting sequences
[==========================
Time for merging to targets_h: 0h 0m 0s 57ms
Time for merging to targets: 0h 0m 0s 154ms
Database type: Aminoacid
Time for processing: 0h 0m 1s 204ms
Tmp /bigdata/stajichlab/shared/projects/Chytrid/Coelomomyces/Chytrid_Coelomomyces_Assessment/busco_fungi_Orange/run_fungi_odb10/metaeuk_output/tmp/12639789576549348724/tmp_predict folder does not exist or is not a directory.
Create dir /bigdata/stajichlab/shared/projects/Chytrid/Coelomomyces/Chytrid_Coelomomyces_Assessment/busco_fungi_Orange/run_fungi_odb10/metaeuk_output/tmp/12639789576549348724/tmp_predict
predictexons /bigdata/stajichlab/shared/projects/Chytrid/Coelomomyces/Chytrid_Coelomomyces_Assessment/busco_fungi_Orange/run_fungi_odb10/metaeuk_output/tmp/12639789576549348724/contigs /bigdata/stajichlab/shared/projects/Chytrid/Coelomomyces/Chytrid_Coelomomyces_Assessment/busco_fungi_Orange/run_fungi_odb10/metaeuk_output/tmp/12639789576549348724/targets /bigdata/stajichlab/shared/projects/Chytrid/Coelomomyces/Chytrid_Coelomomyces_Assessment/busco_fungi_Orange/run_fungi_odb10/metaeuk_output/tmp/12639789576549348724/MetaEuk_calls /bigdata/stajichlab/shared/projects/Chytrid/Coelomomyces/Chytrid_Coelomomyces_Assessment/busco_fungi_Orange/run_fungi_odb10/metaeuk_output/tmp/12639789576549348724/tmp_predict --sub-mat nucl:nucleotide.out,aa:blosum62.out -a 0 --alignment-mode 2 --wrapped-scoring 0 -e 100 --min-seq-id 0 --min-aln-len 0 --seq-id-mode 0 --alt-ali 0 -c 0 --cov-mode 0 --max-seq-len 70000 --comp-bias-corr 1 --max-rejected 2147483647 --max-accept 2147483647 --add-self-matches 0 --db-load-mode 0 --pca 1 --pcb 1.5 --score-bias 0 --realign 0 --realign-score-bias -0.2 --realign-max-seqs 2147483647 --gap-open nucl:5,aa:11 --gap-extend nucl:2,aa:1 --zdrop 40 --threads 12 --compressed 0 -v 3 --seed-sub-mat nucl:nucleotide.out,aa:VTML80.out -s 6 -k 0 --k-score 2147483647 --alph-size nucl:5,aa:21 --max-seqs 300 --split 0 --split-mode 2 --split-memory-limit 0 --diag-score 1 --exact-kmer-matching 0 --mask 1 --mask-lower-case 0 --min-ungapped-score 15 --spaced-kmer-mode 1 --rescore-mode 0 --filter-hits 0 --sort-results 0 --mask-profile 1 --e-profile 0.001 --wg 0 --allow-deletion 0 --filter-msa 1 --max-seq-id 0.9 --qid 0 --qsc -20 --cov 0 --diff 1000 --min-length 15 --max-length 32734 --max-gaps 2147483647 --contig-start-mode 2 --contig-end-mode 2 --orf-start-mode 1 --forward-frames 1,2,3 --reverse-frames 1,2,3 --translation-table 1 --translate 0 --use-all-table-starts 0 --id-offset 0 --create-lookup 0 --add-orf-stop 0 --chain-alignments 0 --merge-query 1 --search-type 0 --num-iterations 1 --start-sens 4 --sens-steps 1 --slice-search 0 --strand 1 --orf-filter 0 --orf-filter-e 100 --orf-filter-s 2 --lca-search 0 --disk-space-limit 0 --force-reuse 0 --remove-tmp-files 0 --metaeuk-eval 0.001 --metaeuk-tcov 0.5 --max-intron 60000 --min-intron 1 --min-exon-aa 5 --max-overlap 5 --set-gap-open -1 --set-gap-extend -1 --reverse-fragments 0 

extractorfs /bigdata/stajichlab/shared/projects/Chytrid/Coelomomyces/Chytrid_Coelomomyces_Assessment/busco_fungi_Orange/run_fungi_odb10/metaeuk_output/tmp/12639789576549348724/contigs /bigdata/stajichlab/shared/projects/Chytrid/Coelomomyces/Chytrid_Coelomomyces_Assessment/busco_fungi_Orange/run_fungi_odb10/metaeuk_output/tmp/12639789576549348724/tmp_predict/3162986301447800732/nucl_6f --min-length 15 --max-length 32734 --max-gaps 2147483647 --contig-start-mode 2 --contig-end-mode 2 --orf-start-mode 1 --forward-frames 1,2,3 --reverse-frames 1,2,3 --translation-table 1 --translate 0 --use-all-table-starts 0 --id-offset 0 --create-lookup 0 --threads 12 --compressed 0 -v 3 

[=================================================================] 5.44K 0s 357ms
Time for merging to nucl_6f_h: 0h 0m 0s 241ms
Time for merging to nucl_6f: 0h 0m 0s 298ms
Time for processing: 0h 0m 1s 242ms
translatenucs /bigdata/stajichlab/shared/projects/Chytrid/Coelomomyces/Chytrid_Coelomomyces_Assessment/busco_fungi_Orange/run_fungi_odb10/metaeuk_output/tmp/12639789576549348724/tmp_predict/3162986301447800732/nucl_6f /bigdata/stajichlab/shared/projects/Chytrid/Coelomomyces/Chytrid_Coelomomyces_Assessment/busco_fungi_Orange/run_fungi_odb10/metaeuk_output/tmp/12639789576549348724/tmp_predict/3162986301447800732/aa_6f --translation-table 1 --add-orf-stop 0 -v 3 --compressed 0 --threads 12 

[=================================================================] 858.25K 1s 745ms
Time for merging to aa_6f: 0h 0m 0s 349ms
Time for processing: 0h 0m 2s 226ms
Tmp /bigdata/stajichlab/shared/projects/Chytrid/Coelomomyces/Chytrid_Coelomomyces_Assessment/busco_fungi_Orange/run_fungi_odb10/metaeuk_output/tmp/12639789576549348724/tmp_predict/3162986301447800732/tmp_search folder does not exist or is not a directory.
Create dir /bigdata/stajichlab/shared/projects/Chytrid/Coelomomyces/Chytrid_Coelomomyces_Assessment/busco_fungi_Orange/run_fungi_odb10/metaeuk_output/tmp/12639789576549348724/tmp_predict/3162986301447800732/tmp_search
search /bigdata/stajichlab/shared/projects/Chytrid/Coelomomyces/Chytrid_Coelomomyces_Assessment/busco_fungi_Orange/run_fungi_odb10/metaeuk_output/tmp/12639789576549348724/tmp_predict/3162986301447800732/aa_6f /bigdata/stajichlab/shared/projects/Chytrid/Coelomomyces/Chytrid_Coelomomyces_Assessment/busco_fungi_Orange/run_fungi_odb10/metaeuk_output/tmp/12639789576549348724/targets /bigdata/stajichlab/shared/projects/Chytrid/Coelomomyces/Chytrid_Coelomomyces_Assessment/busco_fungi_Orange/run_fungi_odb10/metaeuk_output/tmp/12639789576549348724/tmp_predict/3162986301447800732/search_res /bigdata/stajichlab/shared/projects/Chytrid/Coelomomyces/Chytrid_Coelomomyces_Assessment/busco_fungi_Orange/run_fungi_odb10/metaeuk_output/tmp/12639789576549348724/tmp_predict/3162986301447800732/tmp_search --sub-mat nucl:nucleotide.out,aa:blosum62.out -a 0 --alignment-mode 2 --wrapped-scoring 0 -e 100 --min-seq-id 0 --min-aln-len 5 --seq-id-mode 0 --alt-ali 0 -c 0 --cov-mode 0 --max-seq-len 70000 --comp-bias-corr 1 --max-rejected 2147483647 --max-accept 2147483647 --add-self-matches 0 --db-load-mode 0 --pca 1 --pcb 1.5 --score-bias 0 --realign 0 --realign-score-bias -0.2 --realign-max-seqs 2147483647 --gap-open nucl:5,aa:11 --gap-extend nucl:2,aa:1 --zdrop 40 --threads 12 --compressed 0 -v 3 --seed-sub-mat nucl:nucleotide.out,aa:VTML80.out -s 6 -k 0 --k-score 2147483647 --alph-size nucl:5,aa:21 --max-seqs 300 --split 0 --split-mode 2 --split-memory-limit 0 --diag-score 1 --exact-kmer-matching 0 --mask 1 --mask-lower-case 0 --min-ungapped-score 15 --spaced-kmer-mode 1 --rescore-mode 0 --filter-hits 0 --sort-results 0 --mask-profile 1 --e-profile 0.001 --wg 0 --allow-deletion 0 --filter-msa 1 --max-seq-id 0.9 --qid 0 --qsc -20 --cov 0 --diff 1000 --min-length 15 --max-length 32734 --max-gaps 2147483647 --contig-start-mode 2 --contig-end-mode 2 --orf-start-mode 1 --forward-frames 1,2,3 --reverse-frames 1,2,3 --translation-table 1 --translate 0 --use-all-table-starts 0 --id-offset 0 --create-lookup 0 --add-orf-stop 0 --chain-alignments 0 --merge-query 1 --search-type 0 --num-iterations 1 --start-sens 4 --sens-steps 1 --slice-search 0 --strand 1 --orf-filter 0 --orf-filter-e 100 --orf-filter-s 2 --lca-search 0 --disk-space-limit 0 --force-reuse 0 --remove-tmp-files 0 

prefilter /bigdata/stajichlab/shared/projects/Chytrid/Coelomomyces/Chytrid_Coelomomyces_Assessment/busco_fungi_Orange/run_fungi_odb10/metaeuk_output/tmp/12639789576549348724/tmp_predict/3162986301447800732/aa_6f /bigdata/stajichlab/shared/projects/Chytrid/Coelomomyces/Chytrid_Coelomomyces_Assessment/busco_fungi_Orange/run_fungi_odb10/metaeuk_output/tmp/12639789576549348724/targets /bigdata/stajichlab/shared/projects/Chytrid/Coelomomyces/Chytrid_Coelomomyces_Assessment/busco_fungi_Orange/run_fungi_odb10/metaeuk_output/tmp/12639789576549348724/tmp_predict/3162986301447800732/tmp_search/1318238704964124032/pref_0 --sub-mat nucl:nucleotide.out,aa:blosum62.out --seed-sub-mat nucl:nucleotide.out,aa:VTML80.out -k 0 --k-score 2147483647 --alph-size nucl:5,aa:21 --max-seq-len 70000 --max-seqs 300 --split 0 --split-mode 2 --split-memory-limit 0 -c 0 --cov-mode 0 --comp-bias-corr 1 --diag-score 1 --exact-kmer-matching 0 --mask 1 --mask-lower-case 0 --min-ungapped-score 15 --add-self-matches 0 --spaced-kmer-mode 1 --db-load-mode 0 --pca 1 --pcb 1.5 --threads 12 --compressed 0 -v 3 -s 6.0 

Query database size: 858246 type: Aminoacid
Estimated memory consumption: 2G
Target database size: 260500 type: Aminoacid
Index table k-mer threshold: 109 at k-mer size 6 
Index table: counting k-mers
[=================================================================] 260.50K 12s 82ms
Index table: Masked residues: 2276398
Index table: fill
[=================================================================] 260.50K 7s 470ms
Index statistics
Entries:          150245560
DB size:          1347 MB
Avg k-mer size:   2.347587
Top 10 k-mers
    HRGTAG	1433
    ASDTLW	1374
    SGTAIP	1109
    GSDTLW	1019
    VSGDVR	875
    IGGFVY	781
    GDVHPV	757
    YKILGS	655
    SSDTIW	635
    ASDTVW	629
Time for index table init: 0h 0m 20s 454ms
Process prefiltering step 1 of 1

k-mer similarity threshold: 109
Starting prefiltering scores calculation (step 1 of 1)
Query db start 1 to 858246
Target db start 1 to 260500
[=================================================================] 858.25K 1m 26s 551ms

259.865012 k-mers per position
15848 DB matches per sequence
8 overflows
0 queries produce too many hits (truncated result)
82 sequences passed prefiltering per query sequence
40 median result list length
73699 sequences with 0 size result lists
Time for merging to pref_0: 0h 0m 0s 388ms
Time for processing: 0h 1m 49s 23ms
align /bigdata/stajichlab/shared/projects/Chytrid/Coelomomyces/Chytrid_Coelomomyces_Assessment/busco_fungi_Orange/run_fungi_odb10/metaeuk_output/tmp/12639789576549348724/tmp_predict/3162986301447800732/aa_6f /bigdata/stajichlab/shared/projects/Chytrid/Coelomomyces/Chytrid_Coelomomyces_Assessment/busco_fungi_Orange/run_fungi_odb10/metaeuk_output/tmp/12639789576549348724/targets /bigdata/stajichlab/shared/projects/Chytrid/Coelomomyces/Chytrid_Coelomomyces_Assessment/busco_fungi_Orange/run_fungi_odb10/metaeuk_output/tmp/12639789576549348724/tmp_predict/3162986301447800732/tmp_search/1318238704964124032/pref_0 /bigdata/stajichlab/shared/projects/Chytrid/Coelomomyces/Chytrid_Coelomomyces_Assessment/busco_fungi_Orange/run_fungi_odb10/metaeuk_output/tmp/12639789576549348724/tmp_predict/3162986301447800732/search_res --sub-mat nucl:nucleotide.out,aa:blosum62.out -a 0 --alignment-mode 2 --wrapped-scoring 0 -e 100 --min-seq-id 0 --min-aln-len 5 --seq-id-mode 0 --alt-ali 0 -c 0 --cov-mode 0 --max-seq-len 70000 --comp-bias-corr 1 --max-rejected 2147483647 --max-accept 2147483647 --add-self-matches 0 --db-load-mode 0 --pca 1 --pcb 1.5 --score-bias 0 --realign 0 --realign-score-bias -0.2 --realign-max-seqs 2147483647 --gap-open nucl:5,aa:11 --gap-extend nucl:2,aa:1 --zdrop 40 --threads 12 --compressed 0 -v 3 

Compute score and coverage
Query database size: 858246 type: Aminoacid
Target database size: 260500 type: Aminoacid
Calculation of alignments
[=================================================================] 858.25K 3m 31s 547ms
Time for merging to search_res: 0h 0m 0s 377ms
70535533 alignments calculated
2628482 sequence pairs passed the thresholds (0.037265 of overall calculated)
3.062621 hits per query sequence
Time for processing: 0h 3m 32s 340ms
resultspercontig /bigdata/stajichlab/shared/projects/Chytrid/Coelomomyces/Chytrid_Coelomomyces_Assessment/busco_fungi_Orange/run_fungi_odb10/metaeuk_output/tmp/12639789576549348724/contigs /bigdata/stajichlab/shared/projects/Chytrid/Coelomomyces/Chytrid_Coelomomyces_Assessment/busco_fungi_Orange/run_fungi_odb10/metaeuk_output/tmp/12639789576549348724/tmp_predict/3162986301447800732/nucl_6f /bigdata/stajichlab/shared/projects/Chytrid/Coelomomyces/Chytrid_Coelomomyces_Assessment/busco_fungi_Orange/run_fungi_odb10/metaeuk_output/tmp/12639789576549348724/tmp_predict/3162986301447800732/search_res /bigdata/stajichlab/shared/projects/Chytrid/Coelomomyces/Chytrid_Coelomomyces_Assessment/busco_fungi_Orange/run_fungi_odb10/metaeuk_output/tmp/12639789576549348724/tmp_predict/3162986301447800732/search_res_by_contig --threads 12 --compressed 0 -v 3 

Computing ORF lookup
Computing contig offsets
Computing contig lookup
Time for contig lookup: 0h 0m 0s 313ms
[=================================================================] 5.44K 0s 752ms
Time for merging to search_res_by_contig: 0h 0m 0s 5ms
Time for processing: 0h 0m 1s 430ms
collectoptimalset /bigdata/stajichlab/shared/projects/Chytrid/Coelomomyces/Chytrid_Coelomomyces_Assessment/busco_fungi_Orange/run_fungi_odb10/metaeuk_output/tmp/12639789576549348724/tmp_predict/3162986301447800732/search_res_by_contig /bigdata/stajichlab/shared/projects/Chytrid/Coelomomyces/Chytrid_Coelomomyces_Assessment/busco_fungi_Orange/run_fungi_odb10/metaeuk_output/tmp/12639789576549348724/targets /bigdata/stajichlab/shared/projects/Chytrid/Coelomomyces/Chytrid_Coelomomyces_Assessment/busco_fungi_Orange/run_fungi_odb10/metaeuk_output/tmp/12639789576549348724/tmp_predict/3162986301447800732/dp_predictions --metaeuk-eval 0.001 --metaeuk-tcov 0.5 --max-intron 60000 --min-intron 1 --min-exon-aa 5 --max-overlap 5 --set-gap-open -1 --set-gap-extend -1 --score-bias 0 --threads 12 --compressed 0 -v 3 

[=================================================================] 5.44K 0s 561ms
Time for merging to dp_predictions: 0h 0m 0s 5ms
Time for processing: 0h 0m 0s 618ms
mvdb /bigdata/stajichlab/shared/projects/Chytrid/Coelomomyces/Chytrid_Coelomomyces_Assessment/busco_fungi_Orange/run_fungi_odb10/metaeuk_output/tmp/12639789576549348724/tmp_predict/3162986301447800732/dp_predictions /bigdata/stajichlab/shared/projects/Chytrid/Coelomomyces/Chytrid_Coelomomyces_Assessment/busco_fungi_Orange/run_fungi_odb10/metaeuk_output/tmp/12639789576549348724/MetaEuk_calls 

Time for processing: 0h 0m 0s 1ms
reduceredundancy /bigdata/stajichlab/shared/projects/Chytrid/Coelomomyces/Chytrid_Coelomomyces_Assessment/busco_fungi_Orange/run_fungi_odb10/metaeuk_output/tmp/12639789576549348724/MetaEuk_calls /bigdata/stajichlab/shared/projects/Chytrid/Coelomomyces/Chytrid_Coelomomyces_Assessment/busco_fungi_Orange/run_fungi_odb10/metaeuk_output/tmp/12639789576549348724/MetaEuk_preds /bigdata/stajichlab/shared/projects/Chytrid/Coelomomyces/Chytrid_Coelomomyces_Assessment/busco_fungi_Orange/run_fungi_odb10/metaeuk_output/tmp/12639789576549348724/MetaEuk_preds_clust --overlap 1 --threads 12 --compressed 0 -v 3 

=[================================================================] 5.44K 0s 42ms
Time for merging to MetaEuk_preds_clust: 0h 0m 0s 6ms
Time for merging to MetaEuk_preds: 0h 0m 0s 4ms
Time for processing: 0h 0m 0s 92ms
unitesetstofasta /bigdata/stajichlab/shared/projects/Chytrid/Coelomomyces/Chytrid_Coelomomyces_Assessment/busco_fungi_Orange/run_fungi_odb10/metaeuk_output/tmp/12639789576549348724/contigs /bigdata/stajichlab/shared/projects/Chytrid/Coelomomyces/Chytrid_Coelomomyces_Assessment/busco_fungi_Orange/run_fungi_odb10/metaeuk_output/tmp/12639789576549348724/targets /bigdata/stajichlab/shared/projects/Chytrid/Coelomomyces/Chytrid_Coelomomyces_Assessment/busco_fungi_Orange/run_fungi_odb10/metaeuk_output/tmp/12639789576549348724/MetaEuk_preds /bigdata/stajichlab/shared/projects/Chytrid/Coelomomyces/Chytrid_Coelomomyces_Assessment/busco_fungi_Orange/run_fungi_odb10/metaeuk_output/rerun_results/Coelomomyces_lativittatus_CIRM-AVA-1-Orange.scaffolds.fa --protein 0 --translation-table 1 --target-key 0 --threads 12 --compressed 0 -v 3 

[=================================================================] 5.44K 0s 8ms
Time for merging to Coelomomyces_lativittatus_CIRM-AVA-1-Orange.scaffolds.fa.fas: 0h 0m 0s 6ms
Time for merging to Coelomomyces_lativittatus_CIRM-AVA-1-Orange.scaffolds.fa.codon.fas: 0h 0m 0s 17ms
Time for merging to Coelomomyces_lativittatus_CIRM-AVA-1-Orange.scaffolds.fa.headersMap.tsv: 0h 0m 0s 13ms
Time for processing: 0h 0m 0s 132ms
