Tmp /bigdata/stajichlab/shared/projects/Chytrid/Coelomomyces/Chytrid_Coelomomyces_Assessment/busco_euk_Amber/run_eukaryota_odb10/metaeuk_output/tmp folder does not exist or is not a directory.
Create dir /bigdata/stajichlab/shared/projects/Chytrid/Coelomomyces/Chytrid_Coelomomyces_Assessment/busco_euk_Amber/run_eukaryota_odb10/metaeuk_output/tmp
easy-predict --threads 12 data/Coelomomyces_lativittatus_CIRM-AVA-1-Amber.scaffolds.fa /bigdata/stajichlab/shared/projects/Chytrid/Coelomomyces/Chytrid_Coelomomyces_Assessment/busco_downloads/lineages/eukaryota_odb10/refseq_db.faa /bigdata/stajichlab/shared/projects/Chytrid/Coelomomyces/Chytrid_Coelomomyces_Assessment/busco_euk_Amber/run_eukaryota_odb10/metaeuk_output/initial_results/Coelomomyces_lativittatus_CIRM-AVA-1-Amber.scaffolds.fa /bigdata/stajichlab/shared/projects/Chytrid/Coelomomyces/Chytrid_Coelomomyces_Assessment/busco_euk_Amber/run_eukaryota_odb10/metaeuk_output/tmp --max-intron 130000 --max-seq-len 160000 --min-exon-aa 15 --max-overlap 15 --min-intron 5 --overlap 1 

MMseqs Version:                                             	4.a0f584d
Substitution matrix                                         	nucl:nucleotide.out,aa:blosum62.out
Add backtrace                                               	false
Alignment mode                                              	2
Allow wrapped scoring                                       	false
E-value threshold                                           	100
Seq. id. threshold                                          	0
Min alignment length                                        	0
Seq. id. mode                                               	0
Alternative alignments                                      	0
Coverage threshold                                          	0
Coverage mode                                               	0
Max sequence length                                         	160000
Compositional bias                                          	1
Max reject                                                  	2147483647
Max accept                                                  	2147483647
Include identical seq. id.                                  	false
Preload mode                                                	0
Pseudo count a                                              	1
Pseudo count b                                              	1.5
Score bias                                                  	0
Realign hits                                                	false
Realign score bias                                          	-0.2
Realign max seqs                                            	2147483647
Gap open cost                                               	nucl:5,aa:11
Gap extension cost                                          	nucl:2,aa:1
Zdrop                                                       	40
Threads                                                     	12
Compressed                                                  	0
Verbosity                                                   	3
Seed substitution matrix                                    	nucl:nucleotide.out,aa:VTML80.out
Sensitivity                                                 	4
k-mer length                                                	0
k-score                                                     	2147483647
Alphabet size                                               	nucl:5,aa:21
Max results per query                                       	300
Split database                                              	0
Split mode                                                  	2
Split memory limit                                          	0
Diagonal scoring                                            	true
Exact k-mer matching                                        	0
Mask residues                                               	1
Mask lower case residues                                    	0
Minimum diagonal score                                      	15
Spaced k-mers                                               	1
Spaced k-mer pattern                                        	
Local temporary path                                        	
Rescore mode                                                	0
Remove hits by seq. id. and coverage                        	false
Sort results                                                	0
Mask profile                                                	1
Profile E-value threshold                                   	0.001
Global sequence weighting                                   	false
Allow deletions                                             	false
Filter MSA                                                  	1
Maximum seq. id. threshold                                  	0.9
Minimum seq. id.                                            	0
Minimum score per column                                    	-20
Minimum coverage                                            	0
Select N most diverse seqs                                  	1000
Min codons in orf                                           	15
Max codons in length                                        	32734
Max orf gaps                                                	2147483647
Contig start mode                                           	2
Contig end mode                                             	2
Orf start mode                                              	1
Forward frames                                              	1,2,3
Reverse frames                                              	1,2,3
Translation table                                           	1
Translate orf                                               	0
Use all table starts                                        	false
Offset of numeric ids                                       	0
Create lookup                                               	0
Add orf stop                                                	false
Chain overlapping alignments                                	0
Merge query                                                 	1
Search type                                                 	0
Search iterations                                           	1
Start sensitivity                                           	4
Search steps                                                	1
Slice search mode                                           	false
Strand selection                                            	1
LCA search mode                                             	false
Disk space limit                                            	0
MPI runner                                                  	
Force restart with latest tmp                               	false
Remove temporary files                                      	false
maximal combined evalue of an optimal set                   	0.001
minimal length ratio between combined optimal set and target	0.5
Maximal intron length                                       	130000
Minimal intron length                                       	5
Minimal exon length aa                                      	15
Maximal overlap of exons                                    	15
Gap open penalty                                            	-1
Gap extend penalty                                          	-1
allow same-strand overlaps                                  	1
translate codons to AAs                                     	0
write target key instead of accession                       	0
Reverse AA Fragments                                        	0

createdb data/Coelomomyces_lativittatus_CIRM-AVA-1-Amber.scaffolds.fa /bigdata/stajichlab/shared/projects/Chytrid/Coelomomyces/Chytrid_Coelomomyces_Assessment/busco_euk_Amber/run_eukaryota_odb10/metaeuk_output/tmp/4838436494260477092/contigs --dbtype 2 --compressed 0 -v 3 

Converting sequences
[
Time for merging to contigs_h: 0h 0m 0s 74ms
Time for merging to contigs: 0h 0m 0s 94ms
Database type: Nucleotide
Time for processing: 0h 0m 0s 421ms
createdb /bigdata/stajichlab/shared/projects/Chytrid/Coelomomyces/Chytrid_Coelomomyces_Assessment/busco_downloads/lineages/eukaryota_odb10/refseq_db.faa /bigdata/stajichlab/shared/projects/Chytrid/Coelomomyces/Chytrid_Coelomomyces_Assessment/busco_euk_Amber/run_eukaryota_odb10/metaeuk_output/tmp/4838436494260477092/targets --dbtype 1 --compressed 0 -v 3 

Converting sequences
[==============================
Time for merging to targets_h: 0h 0m 0s 63ms
Time for merging to targets: 0h 0m 0s 202ms
Database type: Aminoacid
Time for processing: 0h 0m 1s 635ms
Tmp /bigdata/stajichlab/shared/projects/Chytrid/Coelomomyces/Chytrid_Coelomomyces_Assessment/busco_euk_Amber/run_eukaryota_odb10/metaeuk_output/tmp/4838436494260477092/tmp_predict folder does not exist or is not a directory.
Create dir /bigdata/stajichlab/shared/projects/Chytrid/Coelomomyces/Chytrid_Coelomomyces_Assessment/busco_euk_Amber/run_eukaryota_odb10/metaeuk_output/tmp/4838436494260477092/tmp_predict
predictexons /bigdata/stajichlab/shared/projects/Chytrid/Coelomomyces/Chytrid_Coelomomyces_Assessment/busco_euk_Amber/run_eukaryota_odb10/metaeuk_output/tmp/4838436494260477092/contigs /bigdata/stajichlab/shared/projects/Chytrid/Coelomomyces/Chytrid_Coelomomyces_Assessment/busco_euk_Amber/run_eukaryota_odb10/metaeuk_output/tmp/4838436494260477092/targets /bigdata/stajichlab/shared/projects/Chytrid/Coelomomyces/Chytrid_Coelomomyces_Assessment/busco_euk_Amber/run_eukaryota_odb10/metaeuk_output/tmp/4838436494260477092/MetaEuk_calls /bigdata/stajichlab/shared/projects/Chytrid/Coelomomyces/Chytrid_Coelomomyces_Assessment/busco_euk_Amber/run_eukaryota_odb10/metaeuk_output/tmp/4838436494260477092/tmp_predict --sub-mat nucl:nucleotide.out,aa:blosum62.out -a 0 --alignment-mode 2 --wrapped-scoring 0 -e 100 --min-seq-id 0 --min-aln-len 0 --seq-id-mode 0 --alt-ali 0 -c 0 --cov-mode 0 --max-seq-len 160000 --comp-bias-corr 1 --max-rejected 2147483647 --max-accept 2147483647 --add-self-matches 0 --db-load-mode 0 --pca 1 --pcb 1.5 --score-bias 0 --realign 0 --realign-score-bias -0.2 --realign-max-seqs 2147483647 --gap-open nucl:5,aa:11 --gap-extend nucl:2,aa:1 --zdrop 40 --threads 12 --compressed 0 -v 3 --seed-sub-mat nucl:nucleotide.out,aa:VTML80.out -s 4 -k 0 --k-score 2147483647 --alph-size nucl:5,aa:21 --max-seqs 300 --split 0 --split-mode 2 --split-memory-limit 0 --diag-score 1 --exact-kmer-matching 0 --mask 1 --mask-lower-case 0 --min-ungapped-score 15 --spaced-kmer-mode 1 --rescore-mode 0 --filter-hits 0 --sort-results 0 --mask-profile 1 --e-profile 0.001 --wg 0 --allow-deletion 0 --filter-msa 1 --max-seq-id 0.9 --qid 0 --qsc -20 --cov 0 --diff 1000 --min-length 15 --max-length 32734 --max-gaps 2147483647 --contig-start-mode 2 --contig-end-mode 2 --orf-start-mode 1 --forward-frames 1,2,3 --reverse-frames 1,2,3 --translation-table 1 --translate 0 --use-all-table-starts 0 --id-offset 0 --create-lookup 0 --add-orf-stop 0 --chain-alignments 0 --merge-query 1 --search-type 0 --num-iterations 1 --start-sens 4 --sens-steps 1 --slice-search 0 --strand 1 --orf-filter 0 --orf-filter-e 100 --orf-filter-s 2 --lca-search 0 --disk-space-limit 0 --force-reuse 0 --remove-tmp-files 0 --metaeuk-eval 0.001 --metaeuk-tcov 0.5 --max-intron 130000 --min-intron 5 --min-exon-aa 15 --max-overlap 15 --set-gap-open -1 --set-gap-extend -1 --reverse-fragments 0 

extractorfs /bigdata/stajichlab/shared/projects/Chytrid/Coelomomyces/Chytrid_Coelomomyces_Assessment/busco_euk_Amber/run_eukaryota_odb10/metaeuk_output/tmp/4838436494260477092/contigs /bigdata/stajichlab/shared/projects/Chytrid/Coelomomyces/Chytrid_Coelomomyces_Assessment/busco_euk_Amber/run_eukaryota_odb10/metaeuk_output/tmp/4838436494260477092/tmp_predict/14149372826650690721/nucl_6f --min-length 15 --max-length 32734 --max-gaps 2147483647 --contig-start-mode 2 --contig-end-mode 2 --orf-start-mode 1 --forward-frames 1,2,3 --reverse-frames 1,2,3 --translation-table 1 --translate 0 --use-all-table-starts 0 --id-offset 0 --create-lookup 0 --threads 12 --compressed 0 -v 3 

[=================================================================] 6.80K 0s 386ms
Time for merging to nucl_6f_h: 0h 0m 0s 417ms
Time for merging to nucl_6f: 0h 0m 0s 508ms
Time for processing: 0h 0m 1s 896ms
translatenucs /bigdata/stajichlab/shared/projects/Chytrid/Coelomomyces/Chytrid_Coelomomyces_Assessment/busco_euk_Amber/run_eukaryota_odb10/metaeuk_output/tmp/4838436494260477092/tmp_predict/14149372826650690721/nucl_6f /bigdata/stajichlab/shared/projects/Chytrid/Coelomomyces/Chytrid_Coelomomyces_Assessment/busco_euk_Amber/run_eukaryota_odb10/metaeuk_output/tmp/4838436494260477092/tmp_predict/14149372826650690721/aa_6f --translation-table 1 --add-orf-stop 0 -v 3 --compressed 0 --threads 12 

[=================================================================] 1.30M 2s 854ms
Time for merging to aa_6f: 0h 0m 0s 530ms
Time for processing: 0h 0m 3s 592ms
Tmp /bigdata/stajichlab/shared/projects/Chytrid/Coelomomyces/Chytrid_Coelomomyces_Assessment/busco_euk_Amber/run_eukaryota_odb10/metaeuk_output/tmp/4838436494260477092/tmp_predict/14149372826650690721/tmp_search folder does not exist or is not a directory.
Create dir /bigdata/stajichlab/shared/projects/Chytrid/Coelomomyces/Chytrid_Coelomomyces_Assessment/busco_euk_Amber/run_eukaryota_odb10/metaeuk_output/tmp/4838436494260477092/tmp_predict/14149372826650690721/tmp_search
search /bigdata/stajichlab/shared/projects/Chytrid/Coelomomyces/Chytrid_Coelomomyces_Assessment/busco_euk_Amber/run_eukaryota_odb10/metaeuk_output/tmp/4838436494260477092/tmp_predict/14149372826650690721/aa_6f /bigdata/stajichlab/shared/projects/Chytrid/Coelomomyces/Chytrid_Coelomomyces_Assessment/busco_euk_Amber/run_eukaryota_odb10/metaeuk_output/tmp/4838436494260477092/targets /bigdata/stajichlab/shared/projects/Chytrid/Coelomomyces/Chytrid_Coelomomyces_Assessment/busco_euk_Amber/run_eukaryota_odb10/metaeuk_output/tmp/4838436494260477092/tmp_predict/14149372826650690721/search_res /bigdata/stajichlab/shared/projects/Chytrid/Coelomomyces/Chytrid_Coelomomyces_Assessment/busco_euk_Amber/run_eukaryota_odb10/metaeuk_output/tmp/4838436494260477092/tmp_predict/14149372826650690721/tmp_search --sub-mat nucl:nucleotide.out,aa:blosum62.out -a 0 --alignment-mode 2 --wrapped-scoring 0 -e 100 --min-seq-id 0 --min-aln-len 15 --seq-id-mode 0 --alt-ali 0 -c 0 --cov-mode 0 --max-seq-len 160000 --comp-bias-corr 1 --max-rejected 2147483647 --max-accept 2147483647 --add-self-matches 0 --db-load-mode 0 --pca 1 --pcb 1.5 --score-bias 0 --realign 0 --realign-score-bias -0.2 --realign-max-seqs 2147483647 --gap-open nucl:5,aa:11 --gap-extend nucl:2,aa:1 --zdrop 40 --threads 12 --compressed 0 -v 3 --seed-sub-mat nucl:nucleotide.out,aa:VTML80.out -s 4 -k 0 --k-score 2147483647 --alph-size nucl:5,aa:21 --max-seqs 300 --split 0 --split-mode 2 --split-memory-limit 0 --diag-score 1 --exact-kmer-matching 0 --mask 1 --mask-lower-case 0 --min-ungapped-score 15 --spaced-kmer-mode 1 --rescore-mode 0 --filter-hits 0 --sort-results 0 --mask-profile 1 --e-profile 0.001 --wg 0 --allow-deletion 0 --filter-msa 1 --max-seq-id 0.9 --qid 0 --qsc -20 --cov 0 --diff 1000 --min-length 15 --max-length 32734 --max-gaps 2147483647 --contig-start-mode 2 --contig-end-mode 2 --orf-start-mode 1 --forward-frames 1,2,3 --reverse-frames 1,2,3 --translation-table 1 --translate 0 --use-all-table-starts 0 --id-offset 0 --create-lookup 0 --add-orf-stop 0 --chain-alignments 0 --merge-query 1 --search-type 0 --num-iterations 1 --start-sens 4 --sens-steps 1 --slice-search 0 --strand 1 --orf-filter 0 --orf-filter-e 100 --orf-filter-s 2 --lca-search 0 --disk-space-limit 0 --force-reuse 0 --remove-tmp-files 0 

prefilter /bigdata/stajichlab/shared/projects/Chytrid/Coelomomyces/Chytrid_Coelomomyces_Assessment/busco_euk_Amber/run_eukaryota_odb10/metaeuk_output/tmp/4838436494260477092/tmp_predict/14149372826650690721/aa_6f /bigdata/stajichlab/shared/projects/Chytrid/Coelomomyces/Chytrid_Coelomomyces_Assessment/busco_euk_Amber/run_eukaryota_odb10/metaeuk_output/tmp/4838436494260477092/targets /bigdata/stajichlab/shared/projects/Chytrid/Coelomomyces/Chytrid_Coelomomyces_Assessment/busco_euk_Amber/run_eukaryota_odb10/metaeuk_output/tmp/4838436494260477092/tmp_predict/14149372826650690721/tmp_search/6821873432934403531/pref_0 --sub-mat nucl:nucleotide.out,aa:blosum62.out --seed-sub-mat nucl:nucleotide.out,aa:VTML80.out -k 0 --k-score 2147483647 --alph-size nucl:5,aa:21 --max-seq-len 160000 --max-seqs 300 --split 0 --split-mode 2 --split-memory-limit 0 -c 0 --cov-mode 0 --comp-bias-corr 1 --diag-score 1 --exact-kmer-matching 0 --mask 1 --mask-lower-case 0 --min-ungapped-score 15 --add-self-matches 0 --spaced-kmer-mode 1 --db-load-mode 0 --pca 1 --pcb 1.5 --threads 12 --compressed 0 -v 3 -s 4.0 

Query database size: 1297270 type: Aminoacid
Estimated memory consumption: 2G
Target database size: 302957 type: Aminoacid
Index table k-mer threshold: 127 at k-mer size 6 
Index table: counting k-mers
[=================================================================] 302.96K 5s 817ms
Index table: Masked residues: 2249115
Index table: fill
[=================================================================] 302.96K 4s 504ms
Index statistics
Entries:          145543148
DB size:          1321 MB
Avg k-mer size:   2.274112
Top 10 k-mers
    GSDTLW	1615
    ASDTLW	1346
    SGATSL	1194
    FTGTNN	1191
    GGQRRS	1182
    TSSEYV	1171
    CTALSY	1157
    EQIRAT	1133
    LREGLY	1129
    FEDPAM	1111
Time for index table init: 0h 0m 11s 134ms
Process prefiltering step 1 of 1

k-mer similarity threshold: 127
Starting prefiltering scores calculation (step 1 of 1)
Query db start 1 to 1297270
Target db start 1 to 302957
[=================================================================] 1.30M 32s 899ms

42.642241 k-mers per position
2314 DB matches per sequence
0 overflows
0 queries produce too many hits (truncated result)
11 sequences passed prefiltering per query sequence
4 median result list length
289722 sequences with 0 size result lists
Time for merging to pref_0: 0h 0m 0s 577ms
Time for processing: 0h 0m 46s 314ms
align /bigdata/stajichlab/shared/projects/Chytrid/Coelomomyces/Chytrid_Coelomomyces_Assessment/busco_euk_Amber/run_eukaryota_odb10/metaeuk_output/tmp/4838436494260477092/tmp_predict/14149372826650690721/aa_6f /bigdata/stajichlab/shared/projects/Chytrid/Coelomomyces/Chytrid_Coelomomyces_Assessment/busco_euk_Amber/run_eukaryota_odb10/metaeuk_output/tmp/4838436494260477092/targets /bigdata/stajichlab/shared/projects/Chytrid/Coelomomyces/Chytrid_Coelomomyces_Assessment/busco_euk_Amber/run_eukaryota_odb10/metaeuk_output/tmp/4838436494260477092/tmp_predict/14149372826650690721/tmp_search/6821873432934403531/pref_0 /bigdata/stajichlab/shared/projects/Chytrid/Coelomomyces/Chytrid_Coelomomyces_Assessment/busco_euk_Amber/run_eukaryota_odb10/metaeuk_output/tmp/4838436494260477092/tmp_predict/14149372826650690721/search_res --sub-mat nucl:nucleotide.out,aa:blosum62.out -a 0 --alignment-mode 2 --wrapped-scoring 0 -e 100 --min-seq-id 0 --min-aln-len 15 --seq-id-mode 0 --alt-ali 0 -c 0 --cov-mode 0 --max-seq-len 160000 --comp-bias-corr 1 --max-rejected 2147483647 --max-accept 2147483647 --add-self-matches 0 --db-load-mode 0 --pca 1 --pcb 1.5 --score-bias 0 --realign 0 --realign-score-bias -0.2 --realign-max-seqs 2147483647 --gap-open nucl:5,aa:11 --gap-extend nucl:2,aa:1 --zdrop 40 --threads 12 --compressed 0 -v 3 

Compute score and coverage
Query database size: 1297270 type: Aminoacid
Target database size: 302957 type: Aminoacid
Calculation of alignments
[=================================================================] 1.30M 1m 1s 297ms
Time for merging to search_res: 0h 0m 0s 517ms
15335756 alignments calculated
638820 sequence pairs passed the thresholds (0.041656 of overall calculated)
0.492434 hits per query sequence
Time for processing: 0h 1m 2s 286ms
resultspercontig /bigdata/stajichlab/shared/projects/Chytrid/Coelomomyces/Chytrid_Coelomomyces_Assessment/busco_euk_Amber/run_eukaryota_odb10/metaeuk_output/tmp/4838436494260477092/contigs /bigdata/stajichlab/shared/projects/Chytrid/Coelomomyces/Chytrid_Coelomomyces_Assessment/busco_euk_Amber/run_eukaryota_odb10/metaeuk_output/tmp/4838436494260477092/tmp_predict/14149372826650690721/nucl_6f /bigdata/stajichlab/shared/projects/Chytrid/Coelomomyces/Chytrid_Coelomomyces_Assessment/busco_euk_Amber/run_eukaryota_odb10/metaeuk_output/tmp/4838436494260477092/tmp_predict/14149372826650690721/search_res /bigdata/stajichlab/shared/projects/Chytrid/Coelomomyces/Chytrid_Coelomomyces_Assessment/busco_euk_Amber/run_eukaryota_odb10/metaeuk_output/tmp/4838436494260477092/tmp_predict/14149372826650690721/search_res_by_contig --threads 12 --compressed 0 -v 3 

Computing ORF lookup
Computing contig offsets
Computing contig lookup
Time for contig lookup: 0h 0m 0s 519ms
[=================================================================] 6.80K 0s 227ms
Time for merging to search_res_by_contig: 0h 0m 0s 6ms
Time for processing: 0h 0m 1s 217ms
collectoptimalset /bigdata/stajichlab/shared/projects/Chytrid/Coelomomyces/Chytrid_Coelomomyces_Assessment/busco_euk_Amber/run_eukaryota_odb10/metaeuk_output/tmp/4838436494260477092/tmp_predict/14149372826650690721/search_res_by_contig /bigdata/stajichlab/shared/projects/Chytrid/Coelomomyces/Chytrid_Coelomomyces_Assessment/busco_euk_Amber/run_eukaryota_odb10/metaeuk_output/tmp/4838436494260477092/targets /bigdata/stajichlab/shared/projects/Chytrid/Coelomomyces/Chytrid_Coelomomyces_Assessment/busco_euk_Amber/run_eukaryota_odb10/metaeuk_output/tmp/4838436494260477092/tmp_predict/14149372826650690721/dp_predictions --metaeuk-eval 0.001 --metaeuk-tcov 0.5 --max-intron 130000 --min-intron 5 --min-exon-aa 15 --max-overlap 15 --set-gap-open -1 --set-gap-extend -1 --score-bias 0 --threads 12 --compressed 0 -v 3 

[=================================================================] 6.80K 0s 122ms
Time for merging to dp_predictions: 0h 0m 0s 5ms
Time for processing: 0h 0m 0s 222ms
mvdb /bigdata/stajichlab/shared/projects/Chytrid/Coelomomyces/Chytrid_Coelomomyces_Assessment/busco_euk_Amber/run_eukaryota_odb10/metaeuk_output/tmp/4838436494260477092/tmp_predict/14149372826650690721/dp_predictions /bigdata/stajichlab/shared/projects/Chytrid/Coelomomyces/Chytrid_Coelomomyces_Assessment/busco_euk_Amber/run_eukaryota_odb10/metaeuk_output/tmp/4838436494260477092/MetaEuk_calls 

Time for processing: 0h 0m 0s 2ms
reduceredundancy /bigdata/stajichlab/shared/projects/Chytrid/Coelomomyces/Chytrid_Coelomomyces_Assessment/busco_euk_Amber/run_eukaryota_odb10/metaeuk_output/tmp/4838436494260477092/MetaEuk_calls /bigdata/stajichlab/shared/projects/Chytrid/Coelomomyces/Chytrid_Coelomomyces_Assessment/busco_euk_Amber/run_eukaryota_odb10/metaeuk_output/tmp/4838436494260477092/MetaEuk_preds /bigdata/stajichlab/shared/projects/Chytrid/Coelomomyces/Chytrid_Coelomomyces_Assessment/busco_euk_Amber/run_eukaryota_odb10/metaeuk_output/tmp/4838436494260477092/MetaEuk_preds_clust --overlap 1 --threads 12 --compressed 0 -v 3 

[=================================================================] 6.80K 0s 16ms
Time for merging to MetaEuk_preds_clust: 0h 0m 0s 8ms
Time for merging to MetaEuk_preds: 0h 0m 0s 5ms
Time for processing: 0h 0m 0s 105ms
unitesetstofasta /bigdata/stajichlab/shared/projects/Chytrid/Coelomomyces/Chytrid_Coelomomyces_Assessment/busco_euk_Amber/run_eukaryota_odb10/metaeuk_output/tmp/4838436494260477092/contigs /bigdata/stajichlab/shared/projects/Chytrid/Coelomomyces/Chytrid_Coelomomyces_Assessment/busco_euk_Amber/run_eukaryota_odb10/metaeuk_output/tmp/4838436494260477092/targets /bigdata/stajichlab/shared/projects/Chytrid/Coelomomyces/Chytrid_Coelomomyces_Assessment/busco_euk_Amber/run_eukaryota_odb10/metaeuk_output/tmp/4838436494260477092/MetaEuk_preds /bigdata/stajichlab/shared/projects/Chytrid/Coelomomyces/Chytrid_Coelomomyces_Assessment/busco_euk_Amber/run_eukaryota_odb10/metaeuk_output/initial_results/Coelomomyces_lativittatus_CIRM-AVA-1-Amber.scaffolds.fa --protein 0 --translation-table 1 --target-key 0 --threads 12 --compressed 0 -v 3 

[=================================================================] 6.80K 0s 6ms
Time for merging to Coelomomyces_lativittatus_CIRM-AVA-1-Amber.scaffolds.fa.fas: 0h 0m 0s 6ms
Time for merging to Coelomomyces_lativittatus_CIRM-AVA-1-Amber.scaffolds.fa.codon.fas: 0h 0m 0s 20ms
Time for merging to Coelomomyces_lativittatus_CIRM-AVA-1-Amber.scaffolds.fa.headersMap.tsv: 0h 0m 0s 15ms
Time for processing: 0h 0m 0s 176ms
easy-predict --threads 12 data/Coelomomyces_lativittatus_CIRM-AVA-1-Amber.scaffolds.fa /bigdata/stajichlab/shared/projects/Chytrid/Coelomomyces/Chytrid_Coelomomyces_Assessment/busco_euk_Amber/run_eukaryota_odb10/metaeuk_output/refseq_db_rerun.faa /bigdata/stajichlab/shared/projects/Chytrid/Coelomomyces/Chytrid_Coelomomyces_Assessment/busco_euk_Amber/run_eukaryota_odb10/metaeuk_output/rerun_results/Coelomomyces_lativittatus_CIRM-AVA-1-Amber.scaffolds.fa /bigdata/stajichlab/shared/projects/Chytrid/Coelomomyces/Chytrid_Coelomomyces_Assessment/busco_euk_Amber/run_eukaryota_odb10/metaeuk_output/tmp --max-intron 130000 --max-seq-len 160000 --min-exon-aa 5 --max-overlap 5 --min-intron 1 --overlap 1 -s 6 

MMseqs Version:                                             	4.a0f584d
Substitution matrix                                         	nucl:nucleotide.out,aa:blosum62.out
Add backtrace                                               	false
Alignment mode                                              	2
Allow wrapped scoring                                       	false
E-value threshold                                           	100
Seq. id. threshold                                          	0
Min alignment length                                        	0
Seq. id. mode                                               	0
Alternative alignments                                      	0
Coverage threshold                                          	0
Coverage mode                                               	0
Max sequence length                                         	160000
Compositional bias                                          	1
Max reject                                                  	2147483647
Max accept                                                  	2147483647
Include identical seq. id.                                  	false
Preload mode                                                	0
Pseudo count a                                              	1
Pseudo count b                                              	1.5
Score bias                                                  	0
Realign hits                                                	false
Realign score bias                                          	-0.2
Realign max seqs                                            	2147483647
Gap open cost                                               	nucl:5,aa:11
Gap extension cost                                          	nucl:2,aa:1
Zdrop                                                       	40
Threads                                                     	12
Compressed                                                  	0
Verbosity                                                   	3
Seed substitution matrix                                    	nucl:nucleotide.out,aa:VTML80.out
Sensitivity                                                 	6
k-mer length                                                	0
k-score                                                     	2147483647
Alphabet size                                               	nucl:5,aa:21
Max results per query                                       	300
Split database                                              	0
Split mode                                                  	2
Split memory limit                                          	0
Diagonal scoring                                            	true
Exact k-mer matching                                        	0
Mask residues                                               	1
Mask lower case residues                                    	0
Minimum diagonal score                                      	15
Spaced k-mers                                               	1
Spaced k-mer pattern                                        	
Local temporary path                                        	
Rescore mode                                                	0
Remove hits by seq. id. and coverage                        	false
Sort results                                                	0
Mask profile                                                	1
Profile E-value threshold                                   	0.001
Global sequence weighting                                   	false
Allow deletions                                             	false
Filter MSA                                                  	1
Maximum seq. id. threshold                                  	0.9
Minimum seq. id.                                            	0
Minimum score per column                                    	-20
Minimum coverage                                            	0
Select N most diverse seqs                                  	1000
Min codons in orf                                           	15
Max codons in length                                        	32734
Max orf gaps                                                	2147483647
Contig start mode                                           	2
Contig end mode                                             	2
Orf start mode                                              	1
Forward frames                                              	1,2,3
Reverse frames                                              	1,2,3
Translation table                                           	1
Translate orf                                               	0
Use all table starts                                        	false
Offset of numeric ids                                       	0
Create lookup                                               	0
Add orf stop                                                	false
Chain overlapping alignments                                	0
Merge query                                                 	1
Search type                                                 	0
Search iterations                                           	1
Start sensitivity                                           	4
Search steps                                                	1
Slice search mode                                           	false
Strand selection                                            	1
LCA search mode                                             	false
Disk space limit                                            	0
MPI runner                                                  	
Force restart with latest tmp                               	false
Remove temporary files                                      	false
maximal combined evalue of an optimal set                   	0.001
minimal length ratio between combined optimal set and target	0.5
Maximal intron length                                       	130000
Minimal intron length                                       	1
Minimal exon length aa                                      	5
Maximal overlap of exons                                    	5
Gap open penalty                                            	-1
Gap extend penalty                                          	-1
allow same-strand overlaps                                  	1
translate codons to AAs                                     	0
write target key instead of accession                       	0
Reverse AA Fragments                                        	0

createdb data/Coelomomyces_lativittatus_CIRM-AVA-1-Amber.scaffolds.fa /bigdata/stajichlab/shared/projects/Chytrid/Coelomomyces/Chytrid_Coelomomyces_Assessment/busco_euk_Amber/run_eukaryota_odb10/metaeuk_output/tmp/15695047048473197326/contigs --dbtype 2 --compressed 0 -v 3 

Converting sequences
[
Time for merging to contigs_h: 0h 0m 0s 53ms
Time for merging to contigs: 0h 0m 0s 93ms
Database type: Nucleotide
Time for processing: 0h 0m 0s 377ms
createdb /bigdata/stajichlab/shared/projects/Chytrid/Coelomomyces/Chytrid_Coelomomyces_Assessment/busco_euk_Amber/run_eukaryota_odb10/metaeuk_output/refseq_db_rerun.faa /bigdata/stajichlab/shared/projects/Chytrid/Coelomomyces/Chytrid_Coelomomyces_Assessment/busco_euk_Amber/run_eukaryota_odb10/metaeuk_output/tmp/15695047048473197326/targets --dbtype 1 --compressed 0 -v 3 

Converting sequences
[=============
Time for merging to targets_h: 0h 0m 0s 40ms
Time for merging to targets: 0h 0m 0s 102ms
Database type: Aminoacid
Time for processing: 0h 0m 0s 776ms
Tmp /bigdata/stajichlab/shared/projects/Chytrid/Coelomomyces/Chytrid_Coelomomyces_Assessment/busco_euk_Amber/run_eukaryota_odb10/metaeuk_output/tmp/15695047048473197326/tmp_predict folder does not exist or is not a directory.
Create dir /bigdata/stajichlab/shared/projects/Chytrid/Coelomomyces/Chytrid_Coelomomyces_Assessment/busco_euk_Amber/run_eukaryota_odb10/metaeuk_output/tmp/15695047048473197326/tmp_predict
predictexons /bigdata/stajichlab/shared/projects/Chytrid/Coelomomyces/Chytrid_Coelomomyces_Assessment/busco_euk_Amber/run_eukaryota_odb10/metaeuk_output/tmp/15695047048473197326/contigs /bigdata/stajichlab/shared/projects/Chytrid/Coelomomyces/Chytrid_Coelomomyces_Assessment/busco_euk_Amber/run_eukaryota_odb10/metaeuk_output/tmp/15695047048473197326/targets /bigdata/stajichlab/shared/projects/Chytrid/Coelomomyces/Chytrid_Coelomomyces_Assessment/busco_euk_Amber/run_eukaryota_odb10/metaeuk_output/tmp/15695047048473197326/MetaEuk_calls /bigdata/stajichlab/shared/projects/Chytrid/Coelomomyces/Chytrid_Coelomomyces_Assessment/busco_euk_Amber/run_eukaryota_odb10/metaeuk_output/tmp/15695047048473197326/tmp_predict --sub-mat nucl:nucleotide.out,aa:blosum62.out -a 0 --alignment-mode 2 --wrapped-scoring 0 -e 100 --min-seq-id 0 --min-aln-len 0 --seq-id-mode 0 --alt-ali 0 -c 0 --cov-mode 0 --max-seq-len 160000 --comp-bias-corr 1 --max-rejected 2147483647 --max-accept 2147483647 --add-self-matches 0 --db-load-mode 0 --pca 1 --pcb 1.5 --score-bias 0 --realign 0 --realign-score-bias -0.2 --realign-max-seqs 2147483647 --gap-open nucl:5,aa:11 --gap-extend nucl:2,aa:1 --zdrop 40 --threads 12 --compressed 0 -v 3 --seed-sub-mat nucl:nucleotide.out,aa:VTML80.out -s 6 -k 0 --k-score 2147483647 --alph-size nucl:5,aa:21 --max-seqs 300 --split 0 --split-mode 2 --split-memory-limit 0 --diag-score 1 --exact-kmer-matching 0 --mask 1 --mask-lower-case 0 --min-ungapped-score 15 --spaced-kmer-mode 1 --rescore-mode 0 --filter-hits 0 --sort-results 0 --mask-profile 1 --e-profile 0.001 --wg 0 --allow-deletion 0 --filter-msa 1 --max-seq-id 0.9 --qid 0 --qsc -20 --cov 0 --diff 1000 --min-length 15 --max-length 32734 --max-gaps 2147483647 --contig-start-mode 2 --contig-end-mode 2 --orf-start-mode 1 --forward-frames 1,2,3 --reverse-frames 1,2,3 --translation-table 1 --translate 0 --use-all-table-starts 0 --id-offset 0 --create-lookup 0 --add-orf-stop 0 --chain-alignments 0 --merge-query 1 --search-type 0 --num-iterations 1 --start-sens 4 --sens-steps 1 --slice-search 0 --strand 1 --orf-filter 0 --orf-filter-e 100 --orf-filter-s 2 --lca-search 0 --disk-space-limit 0 --force-reuse 0 --remove-tmp-files 0 --metaeuk-eval 0.001 --metaeuk-tcov 0.5 --max-intron 130000 --min-intron 1 --min-exon-aa 5 --max-overlap 5 --set-gap-open -1 --set-gap-extend -1 --reverse-fragments 0 

extractorfs /bigdata/stajichlab/shared/projects/Chytrid/Coelomomyces/Chytrid_Coelomomyces_Assessment/busco_euk_Amber/run_eukaryota_odb10/metaeuk_output/tmp/15695047048473197326/contigs /bigdata/stajichlab/shared/projects/Chytrid/Coelomomyces/Chytrid_Coelomomyces_Assessment/busco_euk_Amber/run_eukaryota_odb10/metaeuk_output/tmp/15695047048473197326/tmp_predict/1343030167614188952/nucl_6f --min-length 15 --max-length 32734 --max-gaps 2147483647 --contig-start-mode 2 --contig-end-mode 2 --orf-start-mode 1 --forward-frames 1,2,3 --reverse-frames 1,2,3 --translation-table 1 --translate 0 --use-all-table-starts 0 --id-offset 0 --create-lookup 0 --threads 12 --compressed 0 -v 3 

[=================================================================] 6.80K 0s 400ms
Time for merging to nucl_6f_h: 0h 0m 0s 406ms
Time for merging to nucl_6f: 0h 0m 0s 486ms
Time for processing: 0h 0m 1s 751ms
translatenucs /bigdata/stajichlab/shared/projects/Chytrid/Coelomomyces/Chytrid_Coelomomyces_Assessment/busco_euk_Amber/run_eukaryota_odb10/metaeuk_output/tmp/15695047048473197326/tmp_predict/1343030167614188952/nucl_6f /bigdata/stajichlab/shared/projects/Chytrid/Coelomomyces/Chytrid_Coelomomyces_Assessment/busco_euk_Amber/run_eukaryota_odb10/metaeuk_output/tmp/15695047048473197326/tmp_predict/1343030167614188952/aa_6f --translation-table 1 --add-orf-stop 0 -v 3 --compressed 0 --threads 12 

[=================================================================] 1.30M 2s 567ms
Time for merging to aa_6f: 0h 0m 0s 560ms
Time for processing: 0h 0m 3s 339ms
Tmp /bigdata/stajichlab/shared/projects/Chytrid/Coelomomyces/Chytrid_Coelomomyces_Assessment/busco_euk_Amber/run_eukaryota_odb10/metaeuk_output/tmp/15695047048473197326/tmp_predict/1343030167614188952/tmp_search folder does not exist or is not a directory.
Create dir /bigdata/stajichlab/shared/projects/Chytrid/Coelomomyces/Chytrid_Coelomomyces_Assessment/busco_euk_Amber/run_eukaryota_odb10/metaeuk_output/tmp/15695047048473197326/tmp_predict/1343030167614188952/tmp_search
search /bigdata/stajichlab/shared/projects/Chytrid/Coelomomyces/Chytrid_Coelomomyces_Assessment/busco_euk_Amber/run_eukaryota_odb10/metaeuk_output/tmp/15695047048473197326/tmp_predict/1343030167614188952/aa_6f /bigdata/stajichlab/shared/projects/Chytrid/Coelomomyces/Chytrid_Coelomomyces_Assessment/busco_euk_Amber/run_eukaryota_odb10/metaeuk_output/tmp/15695047048473197326/targets /bigdata/stajichlab/shared/projects/Chytrid/Coelomomyces/Chytrid_Coelomomyces_Assessment/busco_euk_Amber/run_eukaryota_odb10/metaeuk_output/tmp/15695047048473197326/tmp_predict/1343030167614188952/search_res /bigdata/stajichlab/shared/projects/Chytrid/Coelomomyces/Chytrid_Coelomomyces_Assessment/busco_euk_Amber/run_eukaryota_odb10/metaeuk_output/tmp/15695047048473197326/tmp_predict/1343030167614188952/tmp_search --sub-mat nucl:nucleotide.out,aa:blosum62.out -a 0 --alignment-mode 2 --wrapped-scoring 0 -e 100 --min-seq-id 0 --min-aln-len 5 --seq-id-mode 0 --alt-ali 0 -c 0 --cov-mode 0 --max-seq-len 160000 --comp-bias-corr 1 --max-rejected 2147483647 --max-accept 2147483647 --add-self-matches 0 --db-load-mode 0 --pca 1 --pcb 1.5 --score-bias 0 --realign 0 --realign-score-bias -0.2 --realign-max-seqs 2147483647 --gap-open nucl:5,aa:11 --gap-extend nucl:2,aa:1 --zdrop 40 --threads 12 --compressed 0 -v 3 --seed-sub-mat nucl:nucleotide.out,aa:VTML80.out -s 6 -k 0 --k-score 2147483647 --alph-size nucl:5,aa:21 --max-seqs 300 --split 0 --split-mode 2 --split-memory-limit 0 --diag-score 1 --exact-kmer-matching 0 --mask 1 --mask-lower-case 0 --min-ungapped-score 15 --spaced-kmer-mode 1 --rescore-mode 0 --filter-hits 0 --sort-results 0 --mask-profile 1 --e-profile 0.001 --wg 0 --allow-deletion 0 --filter-msa 1 --max-seq-id 0.9 --qid 0 --qsc -20 --cov 0 --diff 1000 --min-length 15 --max-length 32734 --max-gaps 2147483647 --contig-start-mode 2 --contig-end-mode 2 --orf-start-mode 1 --forward-frames 1,2,3 --reverse-frames 1,2,3 --translation-table 1 --translate 0 --use-all-table-starts 0 --id-offset 0 --create-lookup 0 --add-orf-stop 0 --chain-alignments 0 --merge-query 1 --search-type 0 --num-iterations 1 --start-sens 4 --sens-steps 1 --slice-search 0 --strand 1 --orf-filter 0 --orf-filter-e 100 --orf-filter-s 2 --lca-search 0 --disk-space-limit 0 --force-reuse 0 --remove-tmp-files 0 

prefilter /bigdata/stajichlab/shared/projects/Chytrid/Coelomomyces/Chytrid_Coelomomyces_Assessment/busco_euk_Amber/run_eukaryota_odb10/metaeuk_output/tmp/15695047048473197326/tmp_predict/1343030167614188952/aa_6f /bigdata/stajichlab/shared/projects/Chytrid/Coelomomyces/Chytrid_Coelomomyces_Assessment/busco_euk_Amber/run_eukaryota_odb10/metaeuk_output/tmp/15695047048473197326/targets /bigdata/stajichlab/shared/projects/Chytrid/Coelomomyces/Chytrid_Coelomomyces_Assessment/busco_euk_Amber/run_eukaryota_odb10/metaeuk_output/tmp/15695047048473197326/tmp_predict/1343030167614188952/tmp_search/5224637740548689569/pref_0 --sub-mat nucl:nucleotide.out,aa:blosum62.out --seed-sub-mat nucl:nucleotide.out,aa:VTML80.out -k 0 --k-score 2147483647 --alph-size nucl:5,aa:21 --max-seq-len 160000 --max-seqs 300 --split 0 --split-mode 2 --split-memory-limit 0 -c 0 --cov-mode 0 --comp-bias-corr 1 --diag-score 1 --exact-kmer-matching 0 --mask 1 --mask-lower-case 0 --min-ungapped-score 15 --add-self-matches 0 --spaced-kmer-mode 1 --db-load-mode 0 --pca 1 --pcb 1.5 --threads 12 --compressed 0 -v 3 -s 6.0 

Query database size: 1297270 type: Aminoacid
Estimated memory consumption: 1G
Target database size: 132075 type: Aminoacid
Index table k-mer threshold: 109 at k-mer size 6 
Index table: counting k-mers
[=================================================================] 132.07K 2s 287ms
Index table: Masked residues: 893262
Index table: fill
[=================================================================] 132.07K 1s 786ms
Index statistics
Entries:          58572927
DB size:          823 MB
Avg k-mer size:   0.915202
Top 10 k-mers
    GDFCCP	1244
    RREQGR	1167
    NGITNL	1147
    EARGLR	1136
    PDSPVI	1075
    GSRERL	1075
    LDGGLS	1055
    LIGPKV	1053
    TPFMNV	1041
    NMYCLY	1007
Time for index table init: 0h 0m 4s 672ms
Process prefiltering step 1 of 1

k-mer similarity threshold: 109
Starting prefiltering scores calculation (step 1 of 1)
Query db start 1 to 1297270
Target db start 1 to 132075
[=================================================================] 1.30M 1m 57s 127ms

285.464551 k-mers per position
7473 DB matches per sequence
0 overflows
0 queries produce too many hits (truncated result)
47 sequences passed prefiltering per query sequence
19 median result list length
130311 sequences with 0 size result lists
Time for merging to pref_0: 0h 0m 0s 597ms
Time for processing: 0h 2m 4s 572ms
align /bigdata/stajichlab/shared/projects/Chytrid/Coelomomyces/Chytrid_Coelomomyces_Assessment/busco_euk_Amber/run_eukaryota_odb10/metaeuk_output/tmp/15695047048473197326/tmp_predict/1343030167614188952/aa_6f /bigdata/stajichlab/shared/projects/Chytrid/Coelomomyces/Chytrid_Coelomomyces_Assessment/busco_euk_Amber/run_eukaryota_odb10/metaeuk_output/tmp/15695047048473197326/targets /bigdata/stajichlab/shared/projects/Chytrid/Coelomomyces/Chytrid_Coelomomyces_Assessment/busco_euk_Amber/run_eukaryota_odb10/metaeuk_output/tmp/15695047048473197326/tmp_predict/1343030167614188952/tmp_search/5224637740548689569/pref_0 /bigdata/stajichlab/shared/projects/Chytrid/Coelomomyces/Chytrid_Coelomomyces_Assessment/busco_euk_Amber/run_eukaryota_odb10/metaeuk_output/tmp/15695047048473197326/tmp_predict/1343030167614188952/search_res --sub-mat nucl:nucleotide.out,aa:blosum62.out -a 0 --alignment-mode 2 --wrapped-scoring 0 -e 100 --min-seq-id 0 --min-aln-len 5 --seq-id-mode 0 --alt-ali 0 -c 0 --cov-mode 0 --max-seq-len 160000 --comp-bias-corr 1 --max-rejected 2147483647 --max-accept 2147483647 --add-self-matches 0 --db-load-mode 0 --pca 1 --pcb 1.5 --score-bias 0 --realign 0 --realign-score-bias -0.2 --realign-max-seqs 2147483647 --gap-open nucl:5,aa:11 --gap-extend nucl:2,aa:1 --zdrop 40 --threads 12 --compressed 0 -v 3 

Compute score and coverage
Query database size: 1297270 type: Aminoacid
Target database size: 132075 type: Aminoacid
Calculation of alignments
[=================================================================] 1.30M 2m 50s 123ms
Time for merging to search_res: 0h 0m 0s 554ms
61147090 alignments calculated
3552741 sequence pairs passed the thresholds (0.058102 of overall calculated)
2.738629 hits per query sequence
Time for processing: 0h 2m 51s 194ms
resultspercontig /bigdata/stajichlab/shared/projects/Chytrid/Coelomomyces/Chytrid_Coelomomyces_Assessment/busco_euk_Amber/run_eukaryota_odb10/metaeuk_output/tmp/15695047048473197326/contigs /bigdata/stajichlab/shared/projects/Chytrid/Coelomomyces/Chytrid_Coelomomyces_Assessment/busco_euk_Amber/run_eukaryota_odb10/metaeuk_output/tmp/15695047048473197326/tmp_predict/1343030167614188952/nucl_6f /bigdata/stajichlab/shared/projects/Chytrid/Coelomomyces/Chytrid_Coelomomyces_Assessment/busco_euk_Amber/run_eukaryota_odb10/metaeuk_output/tmp/15695047048473197326/tmp_predict/1343030167614188952/search_res /bigdata/stajichlab/shared/projects/Chytrid/Coelomomyces/Chytrid_Coelomomyces_Assessment/busco_euk_Amber/run_eukaryota_odb10/metaeuk_output/tmp/15695047048473197326/tmp_predict/1343030167614188952/search_res_by_contig --threads 12 --compressed 0 -v 3 

Computing ORF lookup
Computing contig offsets
Computing contig lookup
Time for contig lookup: 0h 0m 0s 457ms
[=================================================================] 6.80K 1s 69ms
Time for merging to search_res_by_contig: 0h 0m 0s 6ms
Time for processing: 0h 0m 2s 137ms
collectoptimalset /bigdata/stajichlab/shared/projects/Chytrid/Coelomomyces/Chytrid_Coelomomyces_Assessment/busco_euk_Amber/run_eukaryota_odb10/metaeuk_output/tmp/15695047048473197326/tmp_predict/1343030167614188952/search_res_by_contig /bigdata/stajichlab/shared/projects/Chytrid/Coelomomyces/Chytrid_Coelomomyces_Assessment/busco_euk_Amber/run_eukaryota_odb10/metaeuk_output/tmp/15695047048473197326/targets /bigdata/stajichlab/shared/projects/Chytrid/Coelomomyces/Chytrid_Coelomomyces_Assessment/busco_euk_Amber/run_eukaryota_odb10/metaeuk_output/tmp/15695047048473197326/tmp_predict/1343030167614188952/dp_predictions --metaeuk-eval 0.001 --metaeuk-tcov 0.5 --max-intron 130000 --min-intron 1 --min-exon-aa 5 --max-overlap 5 --set-gap-open -1 --set-gap-extend -1 --score-bias 0 --threads 12 --compressed 0 -v 3 

[=================================================================] 6.80K 0s 624ms
Time for merging to dp_predictions: 0h 0m 0s 5ms
Time for processing: 0h 0m 0s 709ms
mvdb /bigdata/stajichlab/shared/projects/Chytrid/Coelomomyces/Chytrid_Coelomomyces_Assessment/busco_euk_Amber/run_eukaryota_odb10/metaeuk_output/tmp/15695047048473197326/tmp_predict/1343030167614188952/dp_predictions /bigdata/stajichlab/shared/projects/Chytrid/Coelomomyces/Chytrid_Coelomomyces_Assessment/busco_euk_Amber/run_eukaryota_odb10/metaeuk_output/tmp/15695047048473197326/MetaEuk_calls 

Time for processing: 0h 0m 0s 2ms
reduceredundancy /bigdata/stajichlab/shared/projects/Chytrid/Coelomomyces/Chytrid_Coelomomyces_Assessment/busco_euk_Amber/run_eukaryota_odb10/metaeuk_output/tmp/15695047048473197326/MetaEuk_calls /bigdata/stajichlab/shared/projects/Chytrid/Coelomomyces/Chytrid_Coelomomyces_Assessment/busco_euk_Amber/run_eukaryota_odb10/metaeuk_output/tmp/15695047048473197326/MetaEuk_preds /bigdata/stajichlab/shared/projects/Chytrid/Coelomomyces/Chytrid_Coelomomyces_Assessment/busco_euk_Amber/run_eukaryota_odb10/metaeuk_output/tmp/15695047048473197326/MetaEuk_preds_clust --overlap 1 --threads 12 --compressed 0 -v 3 

[=================================================================] 6.80K 0s 9ms
Time for merging to MetaEuk_preds_clust: 0h 0m 0s 7ms
Time for merging to MetaEuk_preds: 0h 0m 0s 5ms
Time for processing: 0h 0m 0s 71ms
unitesetstofasta /bigdata/stajichlab/shared/projects/Chytrid/Coelomomyces/Chytrid_Coelomomyces_Assessment/busco_euk_Amber/run_eukaryota_odb10/metaeuk_output/tmp/15695047048473197326/contigs /bigdata/stajichlab/shared/projects/Chytrid/Coelomomyces/Chytrid_Coelomomyces_Assessment/busco_euk_Amber/run_eukaryota_odb10/metaeuk_output/tmp/15695047048473197326/targets /bigdata/stajichlab/shared/projects/Chytrid/Coelomomyces/Chytrid_Coelomomyces_Assessment/busco_euk_Amber/run_eukaryota_odb10/metaeuk_output/tmp/15695047048473197326/MetaEuk_preds /bigdata/stajichlab/shared/projects/Chytrid/Coelomomyces/Chytrid_Coelomomyces_Assessment/busco_euk_Amber/run_eukaryota_odb10/metaeuk_output/rerun_results/Coelomomyces_lativittatus_CIRM-AVA-1-Amber.scaffolds.fa --protein 0 --translation-table 1 --target-key 0 --threads 12 --compressed 0 -v 3 

[=================================================================] 6.80K 0s 7ms
Time for merging to Coelomomyces_lativittatus_CIRM-AVA-1-Amber.scaffolds.fa.fas: 0h 0m 0s 7ms
Time for merging to Coelomomyces_lativittatus_CIRM-AVA-1-Amber.scaffolds.fa.codon.fas: 0h 0m 0s 16ms
Time for merging to Coelomomyces_lativittatus_CIRM-AVA-1-Amber.scaffolds.fa.headersMap.tsv: 0h 0m 0s 18ms
Time for processing: 0h 0m 0s 182ms
